2025-11-03 08:54:03,315 - database - INFO - Database schema initialized with indexes
2025-11-03 08:54:03,316 - database - INFO - Database initialized: trading.db
2025-11-03 08:54:03,316 - trading_engine - INFO - Futures Trading Engine initialized with risk management
2025-11-03 08:54:03,318 - __main__ - INFO - ======================================================================
2025-11-03 08:54:03,323 - __main__ - INFO - ======================================================================
2025-11-03 08:54:03,329 - __main__ - INFO - ======================================================================
2025-11-03 08:54:03,393 - werkzeug - INFO - [31m[1mWARNING: This is a development server. Do not use it in a production deployment. Use a production WSGI server instead.[0m
 * Running on all addresses (0.0.0.0)
 * Running on http://127.0.0.1:5000
 * Running on http://192.168.1.2:5000
2025-11-03 08:54:03,393 - werkzeug - INFO - [33mPress CTRL+C to quit[0m
2025-11-03 08:54:03,396 - werkzeug - INFO -  * Restarting with stat
2025-11-03 08:54:04,078 - database - INFO - Database schema initialized with indexes
2025-11-03 08:54:04,078 - database - INFO - Database initialized: trading.db
2025-11-03 08:54:04,078 - trading_engine - INFO - Futures Trading Engine initialized with risk management
2025-11-03 08:54:04,081 - __main__ - INFO - ======================================================================
2025-11-03 08:54:04,084 - __main__ - INFO - ======================================================================
2025-11-03 08:54:04,088 - __main__ - INFO - ======================================================================
2025-11-03 08:54:04,102 - werkzeug - WARNING -  * Debugger is active!
2025-11-03 08:54:04,106 - werkzeug - INFO -  * Debugger PIN: 616-234-326
2025-11-03 08:59:25,361 - werkzeug - INFO - 127.0.0.1 - - [03/Nov/2025 08:59:25] "GET / HTTP/1.1" 200 -
2025-11-03 08:59:25,681 - werkzeug - INFO - 127.0.0.1 - - [03/Nov/2025 08:59:25] "GET /static/css/output.css HTTP/1.1" 200 -
2025-11-03 08:59:25,685 - werkzeug - INFO - 127.0.0.1 - - [03/Nov/2025 08:59:25] "GET /static/js/app.js HTTP/1.1" 200 -
2025-11-03 08:59:26,221 - werkzeug - INFO - 127.0.0.1 - - [03/Nov/2025 08:59:26] "[33mGET /favicon.ico HTTP/1.1[0m" 404 -
2025-11-03 09:11:57,544 - database - INFO - Database schema initialized with indexes
2025-11-03 09:11:57,544 - database - INFO - Database initialized: trading.db
2025-11-03 09:11:57,545 - trading_engine - INFO - Futures Trading Engine initialized with risk management
2025-11-03 09:11:57,547 - __main__ - INFO - ======================================================================
2025-11-03 09:11:57,547 - __main__ - INFO - üöÄ Upstox Enhanced Trading System - FIXED VERSION
2025-11-03 09:11:57,547 - __main__ - INFO - ======================================================================
2025-11-03 09:11:57,547 - __main__ - INFO - üì¶ Flask 3.1.2 | Tailwind 4.1 | WebSockets 15.0.1
2025-11-03 09:11:57,547 - __main__ - INFO - üéØ Engines: Futures + Options
2025-11-03 09:11:57,547 - __main__ - INFO - ‚úÖ Features: Exit Logic, Risk Management, Proper Logging
2025-11-03 09:11:57,547 - __main__ - INFO - üåê http://localhost:5000
2025-11-03 09:11:57,547 - __main__ - INFO - ======================================================================
2025-11-03 09:11:57,588 - werkzeug - INFO - [31m[1mWARNING: This is a development server. Do not use it in a production deployment. Use a production WSGI server instead.[0m
 * Running on all addresses (0.0.0.0)
 * Running on http://127.0.0.1:5000
 * Running on http://192.168.1.2:5000
2025-11-03 09:11:57,588 - werkzeug - INFO - [33mPress CTRL+C to quit[0m
2025-11-03 09:11:57,589 - werkzeug - INFO -  * Restarting with stat
2025-11-03 09:11:58,170 - database - INFO - Database schema initialized with indexes
2025-11-03 09:11:58,170 - database - INFO - Database initialized: trading.db
2025-11-03 09:11:58,170 - trading_engine - INFO - Futures Trading Engine initialized with risk management
2025-11-03 09:11:58,173 - __main__ - INFO - ======================================================================
2025-11-03 09:11:58,173 - __main__ - INFO - üöÄ Upstox Enhanced Trading System - FIXED VERSION
2025-11-03 09:11:58,173 - __main__ - INFO - ======================================================================
2025-11-03 09:11:58,173 - __main__ - INFO - üì¶ Flask 3.1.2 | Tailwind 4.1 | WebSockets 15.0.1
2025-11-03 09:11:58,174 - __main__ - INFO - üéØ Engines: Futures + Options
2025-11-03 09:11:58,174 - __main__ - INFO - ‚úÖ Features: Exit Logic, Risk Management, Proper Logging
2025-11-03 09:11:58,174 - __main__ - INFO - üåê http://localhost:5000
2025-11-03 09:11:58,174 - __main__ - INFO - ======================================================================
2025-11-03 09:11:58,187 - werkzeug - WARNING -  * Debugger is active!
2025-11-03 09:11:58,191 - werkzeug - INFO -  * Debugger PIN: 616-234-326
2025-11-03 09:13:03,228 - werkzeug - INFO - 127.0.0.1 - - [03/Nov/2025 09:13:03] "GET / HTTP/1.1" 200 -
2025-11-03 09:13:03,287 - werkzeug - INFO - 127.0.0.1 - - [03/Nov/2025 09:13:03] "[36mGET /static/css/output.css HTTP/1.1[0m" 304 -
2025-11-03 09:13:03,482 - werkzeug - INFO - 127.0.0.1 - - [03/Nov/2025 09:13:03] "[36mGET /static/js/app.js HTTP/1.1[0m" 304 -
2025-11-03 09:16:27,326 - werkzeug - INFO - 127.0.0.1 - - [03/Nov/2025 09:16:27] "GET / HTTP/1.1" 200 -
2025-11-03 09:16:27,340 - werkzeug - INFO - 127.0.0.1 - - [03/Nov/2025 09:16:27] "[36mGET /static/css/output.css HTTP/1.1[0m" 304 -
2025-11-03 09:16:27,580 - werkzeug - INFO - 127.0.0.1 - - [03/Nov/2025 09:16:27] "[36mGET /static/js/app.js HTTP/1.1[0m" 304 -
2025-11-03 09:16:49,569 - __main__ - ERROR - Error starting options trading: module 'upstox_client' has no attribute 'Configuration'
Traceback (most recent call last):
  File "D:\pyhton_02\app.py", line 159, in start_options_trading
    ws_client = UpstoxWebSocketClient(
        access_token=access_token,
    ...<2 lines>...
        on_message_callback=handle_market_data
    )
  File "D:\pyhton_02\upstox_client.py", line 31, in __init__
    self.configuration = upstox_client.Configuration()
                         ^^^^^^^^^^^^^^^^^^^^^^^^^^^
AttributeError: module 'upstox_client' has no attribute 'Configuration'
2025-11-03 09:16:49,572 - werkzeug - INFO - 127.0.0.1 - - [03/Nov/2025 09:16:49] "[35m[1mPOST /api/start-options-trading HTTP/1.1[0m" 500 -
2025-11-03 09:26:36,407 - database - INFO - Database schema initialized with indexes
2025-11-03 09:26:36,408 - database - INFO - Database initialized: trading.db
2025-11-03 09:26:36,408 - trading_engine - INFO - Futures Trading Engine initialized with risk management
2025-11-03 09:26:36,411 - __main__ - INFO - ======================================================================
2025-11-03 09:26:36,411 - __main__ - INFO - üöÄ Upstox Enhanced Trading System - FIXED VERSION
2025-11-03 09:26:36,411 - __main__ - INFO - ======================================================================
2025-11-03 09:26:36,412 - __main__ - INFO - üì¶ Flask 3.1.2 | Tailwind 4.1 | WebSockets 15.0.1
2025-11-03 09:26:36,412 - __main__ - INFO - üéØ Engines: Futures + Options
2025-11-03 09:26:36,412 - __main__ - INFO - ‚úÖ Features: Exit Logic, Risk Management, Proper Logging
2025-11-03 09:26:36,412 - __main__ - INFO - üåê http://localhost:5000
2025-11-03 09:26:36,412 - __main__ - INFO - ======================================================================
2025-11-03 09:26:36,436 - werkzeug - INFO - [31m[1mWARNING: This is a development server. Do not use it in a production deployment. Use a production WSGI server instead.[0m
 * Running on all addresses (0.0.0.0)
 * Running on http://127.0.0.1:5000
 * Running on http://192.168.1.2:5000
2025-11-03 09:26:36,437 - werkzeug - INFO - [33mPress CTRL+C to quit[0m
2025-11-03 09:26:36,438 - werkzeug - INFO -  * Restarting with stat
2025-11-03 09:26:37,052 - database - INFO - Database schema initialized with indexes
2025-11-03 09:26:37,052 - database - INFO - Database initialized: trading.db
2025-11-03 09:26:37,052 - trading_engine - INFO - Futures Trading Engine initialized with risk management
2025-11-03 09:26:37,056 - __main__ - INFO - ======================================================================
2025-11-03 09:26:37,056 - __main__ - INFO - üöÄ Upstox Enhanced Trading System - FIXED VERSION
2025-11-03 09:26:37,056 - __main__ - INFO - ======================================================================
2025-11-03 09:26:37,057 - __main__ - INFO - üì¶ Flask 3.1.2 | Tailwind 4.1 | WebSockets 15.0.1
2025-11-03 09:26:37,057 - __main__ - INFO - üéØ Engines: Futures + Options
2025-11-03 09:26:37,057 - __main__ - INFO - ‚úÖ Features: Exit Logic, Risk Management, Proper Logging
2025-11-03 09:26:37,057 - __main__ - INFO - üåê http://localhost:5000
2025-11-03 09:26:37,058 - __main__ - INFO - ======================================================================
2025-11-03 09:26:37,069 - werkzeug - WARNING -  * Debugger is active!
2025-11-03 09:26:37,073 - werkzeug - INFO -  * Debugger PIN: 616-234-326
2025-11-03 09:26:47,054 - werkzeug - INFO - 127.0.0.1 - - [03/Nov/2025 09:26:47] "GET / HTTP/1.1" 200 -
2025-11-03 09:26:47,101 - werkzeug - INFO - 127.0.0.1 - - [03/Nov/2025 09:26:47] "[36mGET /static/css/output.css HTTP/1.1[0m" 304 -
2025-11-03 09:26:47,302 - werkzeug - INFO - 127.0.0.1 - - [03/Nov/2025 09:26:47] "[36mGET /static/js/app.js HTTP/1.1[0m" 304 -
2025-11-03 09:27:00,169 - upstox_ws_client - INFO - WebSocket client initialized for 1 instruments
2025-11-03 09:27:00,172 - __main__ - INFO - Options trading started
2025-11-03 09:27:00,174 - werkzeug - INFO - 127.0.0.1 - - [03/Nov/2025 09:27:00] "POST /api/start-options-trading HTTP/1.1" 200 -
2025-11-03 09:27:00,428 - werkzeug - INFO - 127.0.0.1 - - [03/Nov/2025 09:27:00] "GET /api/stats HTTP/1.1" 200 -
2025-11-03 09:27:00,508 - werkzeug - INFO - 127.0.0.1 - - [03/Nov/2025 09:27:00] "GET /api/signal-details HTTP/1.1" 200 -
2025-11-03 09:27:00,517 - werkzeug - INFO - 127.0.0.1 - - [03/Nov/2025 09:27:00] "GET /api/trades?limit=10 HTTP/1.1" 200 -
2025-11-03 09:27:00,518 - upstox_ws_client - INFO - Connecting to WebSocket (attempt 1)
2025-11-03 09:27:00,898 - upstox_ws_client - INFO - WebSocket connected securely
2025-11-03 09:27:01,514 - werkzeug - INFO - 127.0.0.1 - - [03/Nov/2025 09:27:01] "GET /stream HTTP/1.1" 200 -
2025-11-03 09:27:01,915 - upstox_ws_client - INFO - Subscribed to 1 instruments in full_d30 mode
2025-11-03 09:27:02,199 - werkzeug - INFO - 127.0.0.1 - - [03/Nov/2025 09:27:02] "GET /api/signal-details HTTP/1.1" 200 -
2025-11-03 09:27:04,506 - werkzeug - INFO - 127.0.0.1 - - [03/Nov/2025 09:27:04] "GET /api/signal-details HTTP/1.1" 200 -
2025-11-03 09:27:05,521 - werkzeug - INFO - 127.0.0.1 - - [03/Nov/2025 09:27:05] "GET /api/trades?limit=10 HTTP/1.1" 200 -
2025-11-03 09:27:05,521 - werkzeug - INFO - 127.0.0.1 - - [03/Nov/2025 09:27:05] "GET /api/stats HTTP/1.1" 200 -
2025-11-03 09:27:06,499 - werkzeug - INFO - 127.0.0.1 - - [03/Nov/2025 09:27:06] "GET /api/signal-details HTTP/1.1" 200 -
2025-11-03 09:27:08,500 - werkzeug - INFO - 127.0.0.1 - - [03/Nov/2025 09:27:08] "GET /api/signal-details HTTP/1.1" 200 -
2025-11-03 09:27:10,514 - werkzeug - INFO - 127.0.0.1 - - [03/Nov/2025 09:27:10] "GET /api/signal-details HTTP/1.1" 200 -
2025-11-03 09:27:10,520 - werkzeug - INFO - 127.0.0.1 - - [03/Nov/2025 09:27:10] "GET /api/stats HTTP/1.1" 200 -
2025-11-03 09:27:10,521 - werkzeug - INFO - 127.0.0.1 - - [03/Nov/2025 09:27:10] "GET /api/trades?limit=10 HTTP/1.1" 200 -
2025-11-03 09:27:12,508 - werkzeug - INFO - 127.0.0.1 - - [03/Nov/2025 09:27:12] "GET /api/signal-details HTTP/1.1" 200 -
2025-11-03 09:27:14,505 - werkzeug - INFO - 127.0.0.1 - - [03/Nov/2025 09:27:14] "GET /api/signal-details HTTP/1.1" 200 -
2025-11-03 09:27:15,546 - werkzeug - INFO - 127.0.0.1 - - [03/Nov/2025 09:27:15] "GET /api/trades?limit=10 HTTP/1.1" 200 -
2025-11-03 09:27:15,546 - werkzeug - INFO - 127.0.0.1 - - [03/Nov/2025 09:27:15] "GET /api/stats HTTP/1.1" 200 -
2025-11-03 09:27:16,558 - werkzeug - INFO - 127.0.0.1 - - [03/Nov/2025 09:27:16] "GET /api/signal-details HTTP/1.1" 200 -
2025-11-03 09:27:18,560 - werkzeug - INFO - 127.0.0.1 - - [03/Nov/2025 09:27:18] "GET /api/signal-details HTTP/1.1" 200 -
2025-11-03 09:27:20,548 - werkzeug - INFO - 127.0.0.1 - - [03/Nov/2025 09:27:20] "GET /api/signal-details HTTP/1.1" 200 -
2025-11-03 09:27:20,551 - werkzeug - INFO - 127.0.0.1 - - [03/Nov/2025 09:27:20] "GET /api/stats HTTP/1.1" 200 -
2025-11-03 09:27:20,553 - werkzeug - INFO - 127.0.0.1 - - [03/Nov/2025 09:27:20] "GET /api/trades?limit=10 HTTP/1.1" 200 -
2025-11-03 09:27:22,550 - werkzeug - INFO - 127.0.0.1 - - [03/Nov/2025 09:27:22] "GET /api/signal-details HTTP/1.1" 200 -
2025-11-03 09:27:24,557 - werkzeug - INFO - 127.0.0.1 - - [03/Nov/2025 09:27:24] "GET /api/signal-details HTTP/1.1" 200 -
2025-11-03 09:27:25,564 - werkzeug - INFO - 127.0.0.1 - - [03/Nov/2025 09:27:25] "GET /api/stats HTTP/1.1" 200 -
2025-11-03 09:27:25,564 - werkzeug - INFO - 127.0.0.1 - - [03/Nov/2025 09:27:25] "GET /api/trades?limit=10 HTTP/1.1" 200 -
2025-11-03 09:27:26,558 - werkzeug - INFO - 127.0.0.1 - - [03/Nov/2025 09:27:26] "GET /api/signal-details HTTP/1.1" 200 -
2025-11-03 09:27:28,556 - werkzeug - INFO - 127.0.0.1 - - [03/Nov/2025 09:27:28] "GET /api/signal-details HTTP/1.1" 200 -
2025-11-03 09:27:30,574 - werkzeug - INFO - 127.0.0.1 - - [03/Nov/2025 09:27:30] "GET /api/signal-details HTTP/1.1" 200 -
2025-11-03 09:27:30,578 - werkzeug - INFO - 127.0.0.1 - - [03/Nov/2025 09:27:30] "GET /api/trades?limit=10 HTTP/1.1" 200 -
2025-11-03 09:27:30,578 - werkzeug - INFO - 127.0.0.1 - - [03/Nov/2025 09:27:30] "GET /api/stats HTTP/1.1" 200 -
2025-11-03 09:27:31,985 - upstox_ws_client - WARNING - No data received for 30 seconds
2025-11-03 09:27:32,032 - upstox_ws_client - INFO - Ping successful, connection alive
2025-11-03 09:27:32,544 - werkzeug - INFO - 127.0.0.1 - - [03/Nov/2025 09:27:32] "GET /api/signal-details HTTP/1.1" 200 -
2025-11-03 09:27:34,546 - werkzeug - INFO - 127.0.0.1 - - [03/Nov/2025 09:27:34] "GET /api/signal-details HTTP/1.1" 200 -
2025-11-03 09:27:35,554 - werkzeug - INFO - 127.0.0.1 - - [03/Nov/2025 09:27:35] "GET /api/stats HTTP/1.1" 200 -
2025-11-03 09:27:35,556 - werkzeug - INFO - 127.0.0.1 - - [03/Nov/2025 09:27:35] "GET /api/trades?limit=10 HTTP/1.1" 200 -
2025-11-03 09:27:36,561 - werkzeug - INFO - 127.0.0.1 - - [03/Nov/2025 09:27:36] "GET /api/signal-details HTTP/1.1" 200 -
2025-11-03 09:27:38,564 - werkzeug - INFO - 127.0.0.1 - - [03/Nov/2025 09:27:38] "GET /api/signal-details HTTP/1.1" 200 -
2025-11-03 09:27:40,569 - werkzeug - INFO - 127.0.0.1 - - [03/Nov/2025 09:27:40] "GET /api/signal-details HTTP/1.1" 200 -
2025-11-03 09:27:40,575 - werkzeug - INFO - 127.0.0.1 - - [03/Nov/2025 09:27:40] "GET /api/trades?limit=10 HTTP/1.1" 200 -
2025-11-03 09:27:40,576 - werkzeug - INFO - 127.0.0.1 - - [03/Nov/2025 09:27:40] "GET /api/stats HTTP/1.1" 200 -
2025-11-03 09:27:42,556 - werkzeug - INFO - 127.0.0.1 - - [03/Nov/2025 09:27:42] "GET /api/signal-details HTTP/1.1" 200 -
2025-11-03 09:27:44,554 - werkzeug - INFO - 127.0.0.1 - - [03/Nov/2025 09:27:44] "GET /api/signal-details HTTP/1.1" 200 -
2025-11-03 09:27:45,549 - werkzeug - INFO - 127.0.0.1 - - [03/Nov/2025 09:27:45] "GET /api/stats HTTP/1.1" 200 -
2025-11-03 09:27:45,549 - werkzeug - INFO - 127.0.0.1 - - [03/Nov/2025 09:27:45] "GET /api/trades?limit=10 HTTP/1.1" 200 -
2025-11-03 09:27:46,558 - werkzeug - INFO - 127.0.0.1 - - [03/Nov/2025 09:27:46] "GET /api/signal-details HTTP/1.1" 200 -
2025-11-03 09:27:48,553 - werkzeug - INFO - 127.0.0.1 - - [03/Nov/2025 09:27:48] "GET /api/signal-details HTTP/1.1" 200 -
2025-11-03 09:27:50,573 - werkzeug - INFO - 127.0.0.1 - - [03/Nov/2025 09:27:50] "GET /api/signal-details HTTP/1.1" 200 -
2025-11-03 09:27:50,577 - werkzeug - INFO - 127.0.0.1 - - [03/Nov/2025 09:27:50] "GET /api/stats HTTP/1.1" 200 -
2025-11-03 09:27:50,579 - werkzeug - INFO - 127.0.0.1 - - [03/Nov/2025 09:27:50] "GET /api/trades?limit=10 HTTP/1.1" 200 -
2025-11-03 09:27:52,562 - werkzeug - INFO - 127.0.0.1 - - [03/Nov/2025 09:27:52] "GET /api/signal-details HTTP/1.1" 200 -
2025-11-03 09:27:54,557 - werkzeug - INFO - 127.0.0.1 - - [03/Nov/2025 09:27:54] "GET /api/signal-details HTTP/1.1" 200 -
2025-11-03 09:27:55,549 - werkzeug - INFO - 127.0.0.1 - - [03/Nov/2025 09:27:55] "GET /api/stats HTTP/1.1" 200 -
2025-11-03 09:27:55,550 - werkzeug - INFO - 127.0.0.1 - - [03/Nov/2025 09:27:55] "GET /api/trades?limit=10 HTTP/1.1" 200 -
2025-11-03 09:27:56,564 - werkzeug - INFO - 127.0.0.1 - - [03/Nov/2025 09:27:56] "GET /api/signal-details HTTP/1.1" 200 -
2025-11-03 09:27:58,559 - werkzeug - INFO - 127.0.0.1 - - [03/Nov/2025 09:27:58] "GET /api/signal-details HTTP/1.1" 200 -
2025-11-03 09:28:00,543 - werkzeug - INFO - 127.0.0.1 - - [03/Nov/2025 09:28:00] "GET /api/signal-details HTTP/1.1" 200 -
2025-11-03 09:28:00,545 - werkzeug - INFO - 127.0.0.1 - - [03/Nov/2025 09:28:00] "GET /api/stats HTTP/1.1" 200 -
2025-11-03 09:28:00,546 - werkzeug - INFO - 127.0.0.1 - - [03/Nov/2025 09:28:00] "GET /api/trades?limit=10 HTTP/1.1" 200 -
2025-11-03 09:28:02,041 - upstox_ws_client - WARNING - No data received for 30 seconds
2025-11-03 09:28:02,080 - upstox_ws_client - INFO - Ping successful, connection alive
2025-11-03 09:28:02,553 - werkzeug - INFO - 127.0.0.1 - - [03/Nov/2025 09:28:02] "GET /api/signal-details HTTP/1.1" 200 -
2025-11-03 09:28:04,575 - werkzeug - INFO - 127.0.0.1 - - [03/Nov/2025 09:28:04] "GET /api/signal-details HTTP/1.1" 200 -
2025-11-03 09:28:05,560 - werkzeug - INFO - 127.0.0.1 - - [03/Nov/2025 09:28:05] "GET /api/stats HTTP/1.1" 200 -
2025-11-03 09:28:05,561 - werkzeug - INFO - 127.0.0.1 - - [03/Nov/2025 09:28:05] "GET /api/trades?limit=10 HTTP/1.1" 200 -
2025-11-03 09:28:06,555 - werkzeug - INFO - 127.0.0.1 - - [03/Nov/2025 09:28:06] "GET /api/signal-details HTTP/1.1" 200 -
2025-11-03 09:28:08,544 - werkzeug - INFO - 127.0.0.1 - - [03/Nov/2025 09:28:08] "GET /api/signal-details HTTP/1.1" 200 -
2025-11-03 09:28:10,554 - werkzeug - INFO - 127.0.0.1 - - [03/Nov/2025 09:28:10] "GET /api/signal-details HTTP/1.1" 200 -
2025-11-03 09:28:10,562 - werkzeug - INFO - 127.0.0.1 - - [03/Nov/2025 09:28:10] "GET /api/stats HTTP/1.1" 200 -
2025-11-03 09:28:10,562 - werkzeug - INFO - 127.0.0.1 - - [03/Nov/2025 09:28:10] "GET /api/trades?limit=10 HTTP/1.1" 200 -
2025-11-03 09:28:12,566 - werkzeug - INFO - 127.0.0.1 - - [03/Nov/2025 09:28:12] "GET /api/signal-details HTTP/1.1" 200 -
2025-11-03 09:28:14,514 - werkzeug - INFO - 127.0.0.1 - - [03/Nov/2025 09:28:14] "GET /api/signal-details HTTP/1.1" 200 -
2025-11-03 09:28:15,507 - werkzeug - INFO - 127.0.0.1 - - [03/Nov/2025 09:28:15] "GET /api/stats HTTP/1.1" 200 -
2025-11-03 09:28:15,508 - werkzeug - INFO - 127.0.0.1 - - [03/Nov/2025 09:28:15] "GET /api/trades?limit=10 HTTP/1.1" 200 -
2025-11-03 09:28:16,517 - werkzeug - INFO - 127.0.0.1 - - [03/Nov/2025 09:28:16] "GET /api/signal-details HTTP/1.1" 200 -
2025-11-03 09:28:18,498 - werkzeug - INFO - 127.0.0.1 - - [03/Nov/2025 09:28:18] "GET /api/signal-details HTTP/1.1" 200 -
2025-11-03 09:28:20,558 - werkzeug - INFO - 127.0.0.1 - - [03/Nov/2025 09:28:20] "GET /api/signal-details HTTP/1.1" 200 -
2025-11-03 09:28:20,560 - werkzeug - INFO - 127.0.0.1 - - [03/Nov/2025 09:28:20] "GET /api/stats HTTP/1.1" 200 -
2025-11-03 09:28:20,562 - werkzeug - INFO - 127.0.0.1 - - [03/Nov/2025 09:28:20] "GET /api/trades?limit=10 HTTP/1.1" 200 -
2025-11-03 09:30:17,702 - database - INFO - Database schema initialized with indexes
2025-11-03 09:30:17,703 - database - INFO - Database initialized: trading.db
2025-11-03 09:30:17,703 - trading_engine - INFO - Futures Trading Engine initialized with risk management
2025-11-03 09:30:17,705 - __main__ - INFO - ======================================================================
2025-11-03 09:30:17,705 - __main__ - INFO - üöÄ Upstox Enhanced Trading System - FIXED VERSION
2025-11-03 09:30:17,705 - __main__ - INFO - ======================================================================
2025-11-03 09:30:17,706 - __main__ - INFO - üì¶ Flask 3.1.2 | Tailwind 4.1 | WebSockets 15.0.1
2025-11-03 09:30:17,706 - __main__ - INFO - üéØ Engines: Futures + Options
2025-11-03 09:30:17,707 - __main__ - INFO - ‚úÖ Features: Exit Logic, Risk Management, Proper Logging
2025-11-03 09:30:17,707 - __main__ - INFO - üåê http://localhost:5000
2025-11-03 09:30:17,707 - __main__ - INFO - ======================================================================
2025-11-03 09:30:17,729 - werkzeug - INFO - [31m[1mWARNING: This is a development server. Do not use it in a production deployment. Use a production WSGI server instead.[0m
 * Running on all addresses (0.0.0.0)
 * Running on http://127.0.0.1:5000
 * Running on http://192.168.1.2:5000
2025-11-03 09:30:17,730 - werkzeug - INFO - [33mPress CTRL+C to quit[0m
2025-11-03 09:30:17,732 - werkzeug - INFO -  * Restarting with stat
2025-11-03 09:30:18,406 - database - INFO - Database schema initialized with indexes
2025-11-03 09:30:18,406 - database - INFO - Database initialized: trading.db
2025-11-03 09:30:18,407 - trading_engine - INFO - Futures Trading Engine initialized with risk management
2025-11-03 09:30:18,409 - __main__ - INFO - ======================================================================
2025-11-03 09:30:18,409 - __main__ - INFO - üöÄ Upstox Enhanced Trading System - FIXED VERSION
2025-11-03 09:30:18,409 - __main__ - INFO - ======================================================================
2025-11-03 09:30:18,410 - __main__ - INFO - üì¶ Flask 3.1.2 | Tailwind 4.1 | WebSockets 15.0.1
2025-11-03 09:30:18,410 - __main__ - INFO - üéØ Engines: Futures + Options
2025-11-03 09:30:18,410 - __main__ - INFO - ‚úÖ Features: Exit Logic, Risk Management, Proper Logging
2025-11-03 09:30:18,410 - __main__ - INFO - üåê http://localhost:5000
2025-11-03 09:30:18,411 - __main__ - INFO - ======================================================================
2025-11-03 09:30:18,420 - werkzeug - WARNING -  * Debugger is active!
2025-11-03 09:30:18,423 - werkzeug - INFO -  * Debugger PIN: 616-234-326
2025-11-03 09:30:18,457 - werkzeug - INFO - 127.0.0.1 - - [03/Nov/2025 09:30:18] "GET /api/signal-details HTTP/1.1" 200 -
2025-11-03 09:30:18,458 - werkzeug - INFO - 127.0.0.1 - - [03/Nov/2025 09:30:18] "GET /api/trades?limit=10 HTTP/1.1" 200 -
2025-11-03 09:30:18,460 - werkzeug - INFO - 127.0.0.1 - - [03/Nov/2025 09:30:18] "GET /api/stats HTTP/1.1" 200 -
2025-11-03 09:30:18,779 - werkzeug - INFO - 127.0.0.1 - - [03/Nov/2025 09:30:18] "GET /api/signal-details HTTP/1.1" 200 -
2025-11-03 09:30:18,782 - werkzeug - INFO - 127.0.0.1 - - [03/Nov/2025 09:30:18] "GET /api/trades?limit=10 HTTP/1.1" 200 -
2025-11-03 09:30:19,102 - werkzeug - INFO - 127.0.0.1 - - [03/Nov/2025 09:30:19] "GET /api/signal-details HTTP/1.1" 200 -
2025-11-03 09:30:19,566 - werkzeug - INFO - 127.0.0.1 - - [03/Nov/2025 09:30:19] "GET /stream HTTP/1.1" 200 -
2025-11-03 09:30:21,549 - werkzeug - INFO - 127.0.0.1 - - [03/Nov/2025 09:30:21] "GET /api/signal-details HTTP/1.1" 200 -
2025-11-03 09:30:23,564 - werkzeug - INFO - 127.0.0.1 - - [03/Nov/2025 09:30:23] "GET /api/signal-details HTTP/1.1" 200 -
2025-11-03 09:30:24,562 - werkzeug - INFO - 127.0.0.1 - - [03/Nov/2025 09:30:24] "GET /api/stats HTTP/1.1" 200 -
2025-11-03 09:30:24,563 - werkzeug - INFO - 127.0.0.1 - - [03/Nov/2025 09:30:24] "GET /api/trades?limit=10 HTTP/1.1" 200 -
2025-11-03 09:30:25,563 - werkzeug - INFO - 127.0.0.1 - - [03/Nov/2025 09:30:25] "GET /api/signal-details HTTP/1.1" 200 -
2025-11-03 09:30:27,555 - werkzeug - INFO - 127.0.0.1 - - [03/Nov/2025 09:30:27] "GET /api/signal-details HTTP/1.1" 200 -
2025-11-03 09:30:29,574 - werkzeug - INFO - 127.0.0.1 - - [03/Nov/2025 09:30:29] "GET /api/signal-details HTTP/1.1" 200 -
2025-11-03 09:30:29,580 - werkzeug - INFO - 127.0.0.1 - - [03/Nov/2025 09:30:29] "GET /api/trades?limit=10 HTTP/1.1" 200 -
2025-11-03 09:30:29,581 - werkzeug - INFO - 127.0.0.1 - - [03/Nov/2025 09:30:29] "GET /api/stats HTTP/1.1" 200 -
2025-11-03 09:30:34,570 - werkzeug - INFO - 127.0.0.1 - - [03/Nov/2025 09:30:34] "GET /api/stats HTTP/1.1" 200 -
2025-11-03 09:30:34,571 - werkzeug - INFO - 127.0.0.1 - - [03/Nov/2025 09:30:34] "GET /api/trades?limit=10 HTTP/1.1" 200 -
2025-11-03 09:30:39,550 - werkzeug - INFO - 127.0.0.1 - - [03/Nov/2025 09:30:39] "GET /api/stats HTTP/1.1" 200 -
2025-11-03 09:30:39,550 - werkzeug - INFO - 127.0.0.1 - - [03/Nov/2025 09:30:39] "GET /api/trades?limit=10 HTTP/1.1" 200 -
2025-11-03 09:30:44,578 - werkzeug - INFO - 127.0.0.1 - - [03/Nov/2025 09:30:44] "GET /api/stats HTTP/1.1" 200 -
2025-11-03 09:30:44,580 - werkzeug - INFO - 127.0.0.1 - - [03/Nov/2025 09:30:44] "GET /api/trades?limit=10 HTTP/1.1" 200 -
2025-11-03 09:31:05,281 - werkzeug - INFO - 127.0.0.1 - - [03/Nov/2025 09:31:05] "GET /api/signal-details HTTP/1.1" 200 -
2025-11-03 09:31:05,283 - werkzeug - INFO - 127.0.0.1 - - [03/Nov/2025 09:31:05] "GET /api/stats HTTP/1.1" 200 -
2025-11-03 09:31:05,283 - werkzeug - INFO - 127.0.0.1 - - [03/Nov/2025 09:31:05] "GET /api/trades?limit=10 HTTP/1.1" 200 -
2025-11-03 09:31:06,574 - werkzeug - INFO - 127.0.0.1 - - [03/Nov/2025 09:31:06] "GET /api/signal-details HTTP/1.1" 200 -
2025-11-03 09:31:08,570 - werkzeug - INFO - 127.0.0.1 - - [03/Nov/2025 09:31:08] "GET /api/signal-details HTTP/1.1" 200 -
2025-11-03 09:31:08,574 - werkzeug - INFO - 127.0.0.1 - - [03/Nov/2025 09:31:08] "GET /api/trades?limit=10 HTTP/1.1" 200 -
2025-11-03 09:31:08,576 - werkzeug - INFO - 127.0.0.1 - - [03/Nov/2025 09:31:08] "GET /api/stats HTTP/1.1" 200 -
2025-11-03 09:31:09,750 - werkzeug - INFO - 127.0.0.1 - - [03/Nov/2025 09:31:09] "GET / HTTP/1.1" 200 -
2025-11-03 09:31:10,134 - werkzeug - INFO - 127.0.0.1 - - [03/Nov/2025 09:31:10] "[36mGET /static/css/output.css HTTP/1.1[0m" 304 -
2025-11-03 09:31:10,134 - werkzeug - INFO - 127.0.0.1 - - [03/Nov/2025 09:31:10] "[36mGET /static/js/app.js HTTP/1.1[0m" 304 -
2025-11-03 09:31:10,599 - __main__ - INFO - SSE client disconnected
2025-11-03 09:37:10,035 - upstox_ws_client - INFO - WebSocket client initialized for 1 instruments
2025-11-03 09:37:10,037 - __main__ - INFO - Options trading started
2025-11-03 09:37:10,038 - werkzeug - INFO - 127.0.0.1 - - [03/Nov/2025 09:37:10] "POST /api/start-options-trading HTTP/1.1" 200 -
2025-11-03 09:37:10,304 - werkzeug - INFO - 127.0.0.1 - - [03/Nov/2025 09:37:10] "GET /api/stats HTTP/1.1" 200 -
2025-11-03 09:37:10,342 - upstox_ws_client - INFO - Connecting to WebSocket (attempt 1)
2025-11-03 09:37:10,369 - werkzeug - INFO - 127.0.0.1 - - [03/Nov/2025 09:37:10] "GET /api/signal-details HTTP/1.1" 200 -
2025-11-03 09:37:10,373 - werkzeug - INFO - 127.0.0.1 - - [03/Nov/2025 09:37:10] "GET /api/trades?limit=10 HTTP/1.1" 200 -
2025-11-03 09:37:10,553 - upstox_ws_client - INFO - WebSocket connected securely
2025-11-03 09:37:11,379 - werkzeug - INFO - 127.0.0.1 - - [03/Nov/2025 09:37:11] "GET /stream HTTP/1.1" 200 -
2025-11-03 09:37:11,562 - upstox_ws_client - INFO - Subscribed to 1 instruments in full_d30 mode
2025-11-03 09:37:12,053 - werkzeug - INFO - 127.0.0.1 - - [03/Nov/2025 09:37:12] "GET /api/signal-details HTTP/1.1" 200 -
2025-11-03 09:37:14,371 - werkzeug - INFO - 127.0.0.1 - - [03/Nov/2025 09:37:14] "GET /api/signal-details HTTP/1.1" 200 -
2025-11-03 09:37:15,370 - werkzeug - INFO - 127.0.0.1 - - [03/Nov/2025 09:37:15] "GET /api/stats HTTP/1.1" 200 -
2025-11-03 09:37:15,373 - werkzeug - INFO - 127.0.0.1 - - [03/Nov/2025 09:37:15] "GET /api/trades?limit=10 HTTP/1.1" 200 -
2025-11-03 09:37:16,381 - werkzeug - INFO - 127.0.0.1 - - [03/Nov/2025 09:37:16] "GET /api/signal-details HTTP/1.1" 200 -
2025-11-03 09:37:18,370 - werkzeug - INFO - 127.0.0.1 - - [03/Nov/2025 09:37:18] "GET /api/signal-details HTTP/1.1" 200 -
2025-11-03 09:37:20,375 - werkzeug - INFO - 127.0.0.1 - - [03/Nov/2025 09:37:20] "GET /api/signal-details HTTP/1.1" 200 -
2025-11-03 09:37:20,387 - werkzeug - INFO - 127.0.0.1 - - [03/Nov/2025 09:37:20] "GET /api/trades?limit=10 HTTP/1.1" 200 -
2025-11-03 09:37:20,386 - werkzeug - INFO - 127.0.0.1 - - [03/Nov/2025 09:37:20] "GET /api/stats HTTP/1.1" 200 -
2025-11-03 09:37:22,375 - werkzeug - INFO - 127.0.0.1 - - [03/Nov/2025 09:37:22] "GET /api/signal-details HTTP/1.1" 200 -
2025-11-03 09:37:24,355 - werkzeug - INFO - 127.0.0.1 - - [03/Nov/2025 09:37:24] "GET /api/signal-details HTTP/1.1" 200 -
2025-11-03 09:37:25,374 - werkzeug - INFO - 127.0.0.1 - - [03/Nov/2025 09:37:25] "GET /api/stats HTTP/1.1" 200 -
2025-11-03 09:37:25,375 - werkzeug - INFO - 127.0.0.1 - - [03/Nov/2025 09:37:25] "GET /api/trades?limit=10 HTTP/1.1" 200 -
2025-11-03 09:37:26,561 - werkzeug - INFO - 127.0.0.1 - - [03/Nov/2025 09:37:26] "GET /api/signal-details HTTP/1.1" 200 -
2025-11-03 09:37:28,560 - werkzeug - INFO - 127.0.0.1 - - [03/Nov/2025 09:37:28] "GET /api/signal-details HTTP/1.1" 200 -
2025-11-03 09:37:30,552 - werkzeug - INFO - 127.0.0.1 - - [03/Nov/2025 09:37:30] "GET /api/signal-details HTTP/1.1" 200 -
2025-11-03 09:37:30,555 - werkzeug - INFO - 127.0.0.1 - - [03/Nov/2025 09:37:30] "GET /api/stats HTTP/1.1" 200 -
2025-11-03 09:37:30,555 - werkzeug - INFO - 127.0.0.1 - - [03/Nov/2025 09:37:30] "GET /api/trades?limit=10 HTTP/1.1" 200 -
2025-11-03 09:37:32,564 - werkzeug - INFO - 127.0.0.1 - - [03/Nov/2025 09:37:32] "GET /api/signal-details HTTP/1.1" 200 -
2025-11-03 09:37:34,558 - werkzeug - INFO - 127.0.0.1 - - [03/Nov/2025 09:37:34] "GET /api/signal-details HTTP/1.1" 200 -
2025-11-03 09:37:35,560 - werkzeug - INFO - 127.0.0.1 - - [03/Nov/2025 09:37:35] "GET /api/stats HTTP/1.1" 200 -
2025-11-03 09:37:35,560 - werkzeug - INFO - 127.0.0.1 - - [03/Nov/2025 09:37:35] "GET /api/trades?limit=10 HTTP/1.1" 200 -
2025-11-03 09:37:36,551 - werkzeug - INFO - 127.0.0.1 - - [03/Nov/2025 09:37:36] "GET /api/signal-details HTTP/1.1" 200 -
2025-11-03 09:37:38,557 - werkzeug - INFO - 127.0.0.1 - - [03/Nov/2025 09:37:38] "GET /api/signal-details HTTP/1.1" 200 -
2025-11-03 09:37:40,361 - werkzeug - INFO - 127.0.0.1 - - [03/Nov/2025 09:37:40] "GET /api/signal-details HTTP/1.1" 200 -
2025-11-03 09:37:40,368 - werkzeug - INFO - 127.0.0.1 - - [03/Nov/2025 09:37:40] "GET /api/stats HTTP/1.1" 200 -
2025-11-03 09:37:40,370 - werkzeug - INFO - 127.0.0.1 - - [03/Nov/2025 09:37:40] "GET /api/trades?limit=10 HTTP/1.1" 200 -
2025-11-03 09:37:41,616 - upstox_ws_client - WARNING - No data received for 30 seconds
2025-11-03 09:37:41,656 - upstox_ws_client - INFO - Ping successful, connection alive
2025-11-03 09:37:42,373 - werkzeug - INFO - 127.0.0.1 - - [03/Nov/2025 09:37:42] "GET /api/signal-details HTTP/1.1" 200 -
2025-11-03 09:37:44,371 - werkzeug - INFO - 127.0.0.1 - - [03/Nov/2025 09:37:44] "GET /api/signal-details HTTP/1.1" 200 -
2025-11-03 09:37:45,363 - werkzeug - INFO - 127.0.0.1 - - [03/Nov/2025 09:37:45] "GET /api/stats HTTP/1.1" 200 -
2025-11-03 09:37:45,366 - werkzeug - INFO - 127.0.0.1 - - [03/Nov/2025 09:37:45] "GET /api/trades?limit=10 HTTP/1.1" 200 -
2025-11-03 09:37:46,367 - werkzeug - INFO - 127.0.0.1 - - [03/Nov/2025 09:37:46] "GET /api/signal-details HTTP/1.1" 200 -
2025-11-03 09:37:48,365 - werkzeug - INFO - 127.0.0.1 - - [03/Nov/2025 09:37:48] "GET /api/signal-details HTTP/1.1" 200 -
2025-11-03 09:37:50,364 - werkzeug - INFO - 127.0.0.1 - - [03/Nov/2025 09:37:50] "GET /api/signal-details HTTP/1.1" 200 -
2025-11-03 09:37:50,369 - werkzeug - INFO - 127.0.0.1 - - [03/Nov/2025 09:37:50] "GET /api/trades?limit=10 HTTP/1.1" 200 -
2025-11-03 09:37:50,370 - werkzeug - INFO - 127.0.0.1 - - [03/Nov/2025 09:37:50] "GET /api/stats HTTP/1.1" 200 -
2025-11-03 09:37:52,363 - werkzeug - INFO - 127.0.0.1 - - [03/Nov/2025 09:37:52] "GET /api/signal-details HTTP/1.1" 200 -
2025-11-03 09:37:54,375 - werkzeug - INFO - 127.0.0.1 - - [03/Nov/2025 09:37:54] "GET /api/signal-details HTTP/1.1" 200 -
2025-11-03 09:37:55,383 - werkzeug - INFO - 127.0.0.1 - - [03/Nov/2025 09:37:55] "GET /api/stats HTTP/1.1" 200 -
2025-11-03 09:37:55,384 - werkzeug - INFO - 127.0.0.1 - - [03/Nov/2025 09:37:55] "GET /api/trades?limit=10 HTTP/1.1" 200 -
2025-11-03 09:37:56,373 - werkzeug - INFO - 127.0.0.1 - - [03/Nov/2025 09:37:56] "GET /api/signal-details HTTP/1.1" 200 -
2025-11-03 09:37:58,374 - werkzeug - INFO - 127.0.0.1 - - [03/Nov/2025 09:37:58] "GET /api/signal-details HTTP/1.1" 200 -
2025-11-03 09:38:00,369 - werkzeug - INFO - 127.0.0.1 - - [03/Nov/2025 09:38:00] "GET /api/signal-details HTTP/1.1" 200 -
2025-11-03 09:38:00,374 - werkzeug - INFO - 127.0.0.1 - - [03/Nov/2025 09:38:00] "GET /api/trades?limit=10 HTTP/1.1" 200 -
2025-11-03 09:38:00,375 - werkzeug - INFO - 127.0.0.1 - - [03/Nov/2025 09:38:00] "GET /api/stats HTTP/1.1" 200 -
2025-11-03 09:38:02,570 - werkzeug - INFO - 127.0.0.1 - - [03/Nov/2025 09:38:02] "GET /api/signal-details HTTP/1.1" 200 -
2025-11-03 09:38:04,551 - werkzeug - INFO - 127.0.0.1 - - [03/Nov/2025 09:38:04] "GET /api/signal-details HTTP/1.1" 200 -
2025-11-03 09:38:05,563 - werkzeug - INFO - 127.0.0.1 - - [03/Nov/2025 09:38:05] "GET /api/stats HTTP/1.1" 200 -
2025-11-03 09:38:05,564 - werkzeug - INFO - 127.0.0.1 - - [03/Nov/2025 09:38:05] "GET /api/trades?limit=10 HTTP/1.1" 200 -
2025-11-03 09:38:06,548 - werkzeug - INFO - 127.0.0.1 - - [03/Nov/2025 09:38:06] "GET /api/signal-details HTTP/1.1" 200 -
2025-11-03 09:38:08,545 - werkzeug - INFO - 127.0.0.1 - - [03/Nov/2025 09:38:08] "GET /api/signal-details HTTP/1.1" 200 -
2025-11-03 09:38:10,563 - werkzeug - INFO - 127.0.0.1 - - [03/Nov/2025 09:38:10] "GET /api/signal-details HTTP/1.1" 200 -
2025-11-03 09:38:10,569 - werkzeug - INFO - 127.0.0.1 - - [03/Nov/2025 09:38:10] "GET /api/stats HTTP/1.1" 200 -
2025-11-03 09:38:10,570 - werkzeug - INFO - 127.0.0.1 - - [03/Nov/2025 09:38:10] "GET /api/trades?limit=10 HTTP/1.1" 200 -
2025-11-03 09:38:11,669 - upstox_ws_client - WARNING - No data received for 30 seconds
2025-11-03 09:38:11,707 - upstox_ws_client - INFO - Ping successful, connection alive
2025-11-03 09:38:12,555 - werkzeug - INFO - 127.0.0.1 - - [03/Nov/2025 09:38:12] "GET /api/signal-details HTTP/1.1" 200 -
2025-11-03 09:38:14,548 - werkzeug - INFO - 127.0.0.1 - - [03/Nov/2025 09:38:14] "GET /api/signal-details HTTP/1.1" 200 -
2025-11-03 09:38:15,573 - werkzeug - INFO - 127.0.0.1 - - [03/Nov/2025 09:38:15] "GET /api/stats HTTP/1.1" 200 -
2025-11-03 09:38:15,574 - werkzeug - INFO - 127.0.0.1 - - [03/Nov/2025 09:38:15] "GET /api/trades?limit=10 HTTP/1.1" 200 -
2025-11-03 09:38:16,548 - werkzeug - INFO - 127.0.0.1 - - [03/Nov/2025 09:38:16] "GET /api/signal-details HTTP/1.1" 200 -
2025-11-03 09:38:18,560 - werkzeug - INFO - 127.0.0.1 - - [03/Nov/2025 09:38:18] "GET /api/signal-details HTTP/1.1" 200 -
2025-11-03 09:38:20,554 - werkzeug - INFO - 127.0.0.1 - - [03/Nov/2025 09:38:20] "GET /api/signal-details HTTP/1.1" 200 -
2025-11-03 09:38:20,556 - werkzeug - INFO - 127.0.0.1 - - [03/Nov/2025 09:38:20] "GET /api/trades?limit=10 HTTP/1.1" 200 -
2025-11-03 09:38:20,556 - werkzeug - INFO - 127.0.0.1 - - [03/Nov/2025 09:38:20] "GET /api/stats HTTP/1.1" 200 -
2025-11-03 09:38:22,568 - werkzeug - INFO - 127.0.0.1 - - [03/Nov/2025 09:38:22] "GET /api/signal-details HTTP/1.1" 200 -
2025-11-03 09:38:24,561 - werkzeug - INFO - 127.0.0.1 - - [03/Nov/2025 09:38:24] "GET /api/signal-details HTTP/1.1" 200 -
2025-11-03 09:38:25,570 - werkzeug - INFO - 127.0.0.1 - - [03/Nov/2025 09:38:25] "GET /api/stats HTTP/1.1" 200 -
2025-11-03 09:38:25,571 - werkzeug - INFO - 127.0.0.1 - - [03/Nov/2025 09:38:25] "GET /api/trades?limit=10 HTTP/1.1" 200 -
2025-11-03 09:38:26,551 - werkzeug - INFO - 127.0.0.1 - - [03/Nov/2025 09:38:26] "GET /api/signal-details HTTP/1.1" 200 -
2025-11-03 09:38:28,556 - werkzeug - INFO - 127.0.0.1 - - [03/Nov/2025 09:38:28] "GET /api/signal-details HTTP/1.1" 200 -
2025-11-03 09:38:30,560 - werkzeug - INFO - 127.0.0.1 - - [03/Nov/2025 09:38:30] "GET /api/signal-details HTTP/1.1" 200 -
2025-11-03 09:38:30,566 - werkzeug - INFO - 127.0.0.1 - - [03/Nov/2025 09:38:30] "GET /api/trades?limit=10 HTTP/1.1" 200 -
2025-11-03 09:38:30,567 - werkzeug - INFO - 127.0.0.1 - - [03/Nov/2025 09:38:30] "GET /api/stats HTTP/1.1" 200 -
2025-11-03 09:38:32,554 - werkzeug - INFO - 127.0.0.1 - - [03/Nov/2025 09:38:32] "GET /api/signal-details HTTP/1.1" 200 -
2025-11-03 09:38:34,549 - werkzeug - INFO - 127.0.0.1 - - [03/Nov/2025 09:38:34] "GET /api/signal-details HTTP/1.1" 200 -
2025-11-03 09:38:35,578 - werkzeug - INFO - 127.0.0.1 - - [03/Nov/2025 09:38:35] "GET /api/stats HTTP/1.1" 200 -
2025-11-03 09:38:35,578 - werkzeug - INFO - 127.0.0.1 - - [03/Nov/2025 09:38:35] "GET /api/trades?limit=10 HTTP/1.1" 200 -
2025-11-03 09:38:36,560 - werkzeug - INFO - 127.0.0.1 - - [03/Nov/2025 09:38:36] "GET /api/signal-details HTTP/1.1" 200 -
2025-11-03 09:38:38,547 - werkzeug - INFO - 127.0.0.1 - - [03/Nov/2025 09:38:38] "GET /api/signal-details HTTP/1.1" 200 -
2025-11-03 09:38:40,552 - werkzeug - INFO - 127.0.0.1 - - [03/Nov/2025 09:38:40] "GET /api/signal-details HTTP/1.1" 200 -
2025-11-03 09:38:40,557 - werkzeug - INFO - 127.0.0.1 - - [03/Nov/2025 09:38:40] "GET /api/trades?limit=10 HTTP/1.1" 200 -
2025-11-03 09:38:40,557 - werkzeug - INFO - 127.0.0.1 - - [03/Nov/2025 09:38:40] "GET /api/stats HTTP/1.1" 200 -
2025-11-03 09:38:41,708 - upstox_ws_client - WARNING - No data received for 30 seconds
2025-11-03 09:38:41,851 - upstox_ws_client - INFO - Ping successful, connection alive
2025-11-03 09:38:42,560 - werkzeug - INFO - 127.0.0.1 - - [03/Nov/2025 09:38:42] "GET /api/signal-details HTTP/1.1" 200 -
2025-11-03 09:38:44,556 - werkzeug - INFO - 127.0.0.1 - - [03/Nov/2025 09:38:44] "GET /api/signal-details HTTP/1.1" 200 -
2025-11-03 09:38:45,566 - werkzeug - INFO - 127.0.0.1 - - [03/Nov/2025 09:38:45] "GET /api/stats HTTP/1.1" 200 -
2025-11-03 09:38:45,567 - werkzeug - INFO - 127.0.0.1 - - [03/Nov/2025 09:38:45] "GET /api/trades?limit=10 HTTP/1.1" 200 -
2025-11-03 09:38:46,552 - werkzeug - INFO - 127.0.0.1 - - [03/Nov/2025 09:38:46] "GET /api/signal-details HTTP/1.1" 200 -
2025-11-03 09:38:48,552 - werkzeug - INFO - 127.0.0.1 - - [03/Nov/2025 09:38:48] "GET /api/signal-details HTTP/1.1" 200 -
2025-11-03 09:38:50,577 - werkzeug - INFO - 127.0.0.1 - - [03/Nov/2025 09:38:50] "GET /api/signal-details HTTP/1.1" 200 -
2025-11-03 09:38:50,582 - werkzeug - INFO - 127.0.0.1 - - [03/Nov/2025 09:38:50] "GET /api/trades?limit=10 HTTP/1.1" 200 -
2025-11-03 09:38:50,583 - werkzeug - INFO - 127.0.0.1 - - [03/Nov/2025 09:38:50] "GET /api/stats HTTP/1.1" 200 -
2025-11-03 09:38:52,546 - werkzeug - INFO - 127.0.0.1 - - [03/Nov/2025 09:38:52] "GET /api/signal-details HTTP/1.1" 200 -
2025-11-03 09:38:54,553 - werkzeug - INFO - 127.0.0.1 - - [03/Nov/2025 09:38:54] "GET /api/signal-details HTTP/1.1" 200 -
2025-11-03 09:38:55,574 - werkzeug - INFO - 127.0.0.1 - - [03/Nov/2025 09:38:55] "GET /api/stats HTTP/1.1" 200 -
2025-11-03 09:38:55,575 - werkzeug - INFO - 127.0.0.1 - - [03/Nov/2025 09:38:55] "GET /api/trades?limit=10 HTTP/1.1" 200 -
2025-11-03 09:38:56,548 - werkzeug - INFO - 127.0.0.1 - - [03/Nov/2025 09:38:56] "GET /api/signal-details HTTP/1.1" 200 -
2025-11-03 09:38:58,557 - werkzeug - INFO - 127.0.0.1 - - [03/Nov/2025 09:38:58] "GET /api/signal-details HTTP/1.1" 200 -
2025-11-03 09:39:00,552 - werkzeug - INFO - 127.0.0.1 - - [03/Nov/2025 09:39:00] "GET /api/signal-details HTTP/1.1" 200 -
2025-11-03 09:39:00,554 - werkzeug - INFO - 127.0.0.1 - - [03/Nov/2025 09:39:00] "GET /api/stats HTTP/1.1" 200 -
2025-11-03 09:39:00,554 - werkzeug - INFO - 127.0.0.1 - - [03/Nov/2025 09:39:00] "GET /api/trades?limit=10 HTTP/1.1" 200 -
2025-11-03 09:39:09,190 - werkzeug - INFO - 127.0.0.1 - - [03/Nov/2025 09:39:09] "GET /api/signal-details HTTP/1.1" 200 -
2025-11-03 09:39:09,195 - werkzeug - INFO - 127.0.0.1 - - [03/Nov/2025 09:39:09] "GET /api/stats HTTP/1.1" 200 -
2025-11-03 09:39:09,196 - werkzeug - INFO - 127.0.0.1 - - [03/Nov/2025 09:39:09] "GET /api/trades?limit=10 HTTP/1.1" 200 -
2025-11-03 09:39:10,374 - werkzeug - INFO - 127.0.0.1 - - [03/Nov/2025 09:39:10] "GET /api/signal-details HTTP/1.1" 200 -
2025-11-03 09:39:10,381 - werkzeug - INFO - 127.0.0.1 - - [03/Nov/2025 09:39:10] "GET /api/stats HTTP/1.1" 200 -
2025-11-03 09:39:10,382 - werkzeug - INFO - 127.0.0.1 - - [03/Nov/2025 09:39:10] "GET /api/trades?limit=10 HTTP/1.1" 200 -
2025-11-03 09:39:11,867 - upstox_ws_client - WARNING - No data received for 30 seconds
2025-11-03 09:39:11,930 - upstox_ws_client - INFO - Ping successful, connection alive
2025-11-03 09:39:12,372 - werkzeug - INFO - 127.0.0.1 - - [03/Nov/2025 09:39:12] "GET /api/signal-details HTTP/1.1" 200 -
2025-11-03 09:39:14,370 - werkzeug - INFO - 127.0.0.1 - - [03/Nov/2025 09:39:14] "GET /api/signal-details HTTP/1.1" 200 -
2025-11-03 09:39:15,367 - werkzeug - INFO - 127.0.0.1 - - [03/Nov/2025 09:39:15] "GET /api/trades?limit=10 HTTP/1.1" 200 -
2025-11-03 09:39:15,368 - werkzeug - INFO - 127.0.0.1 - - [03/Nov/2025 09:39:15] "GET /api/stats HTTP/1.1" 200 -
2025-11-03 09:39:16,356 - werkzeug - INFO - 127.0.0.1 - - [03/Nov/2025 09:39:16] "GET /api/signal-details HTTP/1.1" 200 -
2025-11-03 09:39:18,376 - werkzeug - INFO - 127.0.0.1 - - [03/Nov/2025 09:39:18] "GET /api/signal-details HTTP/1.1" 200 -
2025-11-03 09:39:20,365 - werkzeug - INFO - 127.0.0.1 - - [03/Nov/2025 09:39:20] "GET /api/signal-details HTTP/1.1" 200 -
2025-11-03 09:39:20,371 - werkzeug - INFO - 127.0.0.1 - - [03/Nov/2025 09:39:20] "GET /api/stats HTTP/1.1" 200 -
2025-11-03 09:39:20,372 - werkzeug - INFO - 127.0.0.1 - - [03/Nov/2025 09:39:20] "GET /api/trades?limit=10 HTTP/1.1" 200 -
2025-11-03 09:39:22,363 - werkzeug - INFO - 127.0.0.1 - - [03/Nov/2025 09:39:22] "GET /api/signal-details HTTP/1.1" 200 -
2025-11-03 09:39:24,376 - werkzeug - INFO - 127.0.0.1 - - [03/Nov/2025 09:39:24] "GET /api/signal-details HTTP/1.1" 200 -
2025-11-03 09:39:25,382 - werkzeug - INFO - 127.0.0.1 - - [03/Nov/2025 09:39:25] "GET /api/stats HTTP/1.1" 200 -
2025-11-03 09:39:25,383 - werkzeug - INFO - 127.0.0.1 - - [03/Nov/2025 09:39:25] "GET /api/trades?limit=10 HTTP/1.1" 200 -
2025-11-03 09:39:26,365 - werkzeug - INFO - 127.0.0.1 - - [03/Nov/2025 09:39:26] "GET /api/signal-details HTTP/1.1" 200 -
2025-11-03 09:39:28,373 - werkzeug - INFO - 127.0.0.1 - - [03/Nov/2025 09:39:28] "GET /api/signal-details HTTP/1.1" 200 -
2025-11-03 09:39:30,360 - werkzeug - INFO - 127.0.0.1 - - [03/Nov/2025 09:39:30] "GET /api/signal-details HTTP/1.1" 200 -
2025-11-03 09:39:30,365 - werkzeug - INFO - 127.0.0.1 - - [03/Nov/2025 09:39:30] "GET /api/trades?limit=10 HTTP/1.1" 200 -
2025-11-03 09:39:30,368 - werkzeug - INFO - 127.0.0.1 - - [03/Nov/2025 09:39:30] "GET /api/stats HTTP/1.1" 200 -
2025-11-03 09:39:32,568 - werkzeug - INFO - 127.0.0.1 - - [03/Nov/2025 09:39:32] "GET /api/signal-details HTTP/1.1" 200 -
2025-11-03 09:39:34,558 - werkzeug - INFO - 127.0.0.1 - - [03/Nov/2025 09:39:34] "GET /api/signal-details HTTP/1.1" 200 -
2025-11-03 09:39:35,587 - werkzeug - INFO - 127.0.0.1 - - [03/Nov/2025 09:39:35] "GET /api/stats HTTP/1.1" 200 -
2025-11-03 09:39:35,588 - werkzeug - INFO - 127.0.0.1 - - [03/Nov/2025 09:39:35] "GET /api/trades?limit=10 HTTP/1.1" 200 -
2025-11-03 09:39:36,542 - werkzeug - INFO - 127.0.0.1 - - [03/Nov/2025 09:39:36] "GET /api/signal-details HTTP/1.1" 200 -
2025-11-03 09:39:38,557 - werkzeug - INFO - 127.0.0.1 - - [03/Nov/2025 09:39:38] "GET /api/signal-details HTTP/1.1" 200 -
2025-11-03 09:39:40,564 - werkzeug - INFO - 127.0.0.1 - - [03/Nov/2025 09:39:40] "GET /api/signal-details HTTP/1.1" 200 -
2025-11-03 09:39:40,571 - werkzeug - INFO - 127.0.0.1 - - [03/Nov/2025 09:39:40] "GET /api/stats HTTP/1.1" 200 -
2025-11-03 09:39:40,573 - werkzeug - INFO - 127.0.0.1 - - [03/Nov/2025 09:39:40] "GET /api/trades?limit=10 HTTP/1.1" 200 -
2025-11-03 09:39:41,940 - upstox_ws_client - WARNING - No data received for 30 seconds
2025-11-03 09:39:42,054 - upstox_ws_client - INFO - Ping successful, connection alive
2025-11-03 09:39:42,547 - werkzeug - INFO - 127.0.0.1 - - [03/Nov/2025 09:39:42] "GET /api/signal-details HTTP/1.1" 200 -
2025-11-03 09:39:44,556 - werkzeug - INFO - 127.0.0.1 - - [03/Nov/2025 09:39:44] "GET /api/signal-details HTTP/1.1" 200 -
2025-11-03 09:39:45,556 - werkzeug - INFO - 127.0.0.1 - - [03/Nov/2025 09:39:45] "GET /api/stats HTTP/1.1" 200 -
2025-11-03 09:39:45,558 - werkzeug - INFO - 127.0.0.1 - - [03/Nov/2025 09:39:45] "GET /api/trades?limit=10 HTTP/1.1" 200 -
2025-11-03 09:39:46,557 - werkzeug - INFO - 127.0.0.1 - - [03/Nov/2025 09:39:46] "GET /api/signal-details HTTP/1.1" 200 -
2025-11-03 09:39:48,550 - werkzeug - INFO - 127.0.0.1 - - [03/Nov/2025 09:39:48] "GET /api/signal-details HTTP/1.1" 200 -
2025-11-03 09:39:50,558 - werkzeug - INFO - 127.0.0.1 - - [03/Nov/2025 09:39:50] "GET /api/signal-details HTTP/1.1" 200 -
2025-11-03 09:39:50,559 - werkzeug - INFO - 127.0.0.1 - - [03/Nov/2025 09:39:50] "GET /api/trades?limit=10 HTTP/1.1" 200 -
2025-11-03 09:39:50,560 - werkzeug - INFO - 127.0.0.1 - - [03/Nov/2025 09:39:50] "GET /api/stats HTTP/1.1" 200 -
2025-11-03 09:39:52,574 - werkzeug - INFO - 127.0.0.1 - - [03/Nov/2025 09:39:52] "GET /api/signal-details HTTP/1.1" 200 -
2025-11-03 09:39:54,559 - werkzeug - INFO - 127.0.0.1 - - [03/Nov/2025 09:39:54] "GET /api/signal-details HTTP/1.1" 200 -
2025-11-03 09:39:55,565 - werkzeug - INFO - 127.0.0.1 - - [03/Nov/2025 09:39:55] "GET /api/stats HTTP/1.1" 200 -
2025-11-03 09:39:55,566 - werkzeug - INFO - 127.0.0.1 - - [03/Nov/2025 09:39:55] "GET /api/trades?limit=10 HTTP/1.1" 200 -
2025-11-03 09:39:56,575 - werkzeug - INFO - 127.0.0.1 - - [03/Nov/2025 09:39:56] "GET /api/signal-details HTTP/1.1" 200 -
2025-11-03 09:39:58,560 - werkzeug - INFO - 127.0.0.1 - - [03/Nov/2025 09:39:58] "GET /api/signal-details HTTP/1.1" 200 -
2025-11-03 09:40:00,561 - werkzeug - INFO - 127.0.0.1 - - [03/Nov/2025 09:40:00] "GET /api/signal-details HTTP/1.1" 200 -
2025-11-03 09:40:00,565 - werkzeug - INFO - 127.0.0.1 - - [03/Nov/2025 09:40:00] "GET /api/trades?limit=10 HTTP/1.1" 200 -
2025-11-03 09:40:00,566 - werkzeug - INFO - 127.0.0.1 - - [03/Nov/2025 09:40:00] "GET /api/stats HTTP/1.1" 200 -
2025-11-03 09:40:02,549 - werkzeug - INFO - 127.0.0.1 - - [03/Nov/2025 09:40:02] "GET /api/signal-details HTTP/1.1" 200 -
2025-11-03 09:40:04,551 - werkzeug - INFO - 127.0.0.1 - - [03/Nov/2025 09:40:04] "GET /api/signal-details HTTP/1.1" 200 -
2025-11-03 09:40:05,558 - werkzeug - INFO - 127.0.0.1 - - [03/Nov/2025 09:40:05] "GET /api/stats HTTP/1.1" 200 -
2025-11-03 09:40:05,559 - werkzeug - INFO - 127.0.0.1 - - [03/Nov/2025 09:40:05] "GET /api/trades?limit=10 HTTP/1.1" 200 -
2025-11-03 09:40:06,553 - werkzeug - INFO - 127.0.0.1 - - [03/Nov/2025 09:40:06] "GET /api/signal-details HTTP/1.1" 200 -
2025-11-03 09:40:08,572 - werkzeug - INFO - 127.0.0.1 - - [03/Nov/2025 09:40:08] "GET /api/signal-details HTTP/1.1" 200 -
2025-11-03 09:40:10,559 - werkzeug - INFO - 127.0.0.1 - - [03/Nov/2025 09:40:10] "GET /api/signal-details HTTP/1.1" 200 -
2025-11-03 09:40:10,566 - werkzeug - INFO - 127.0.0.1 - - [03/Nov/2025 09:40:10] "GET /api/trades?limit=10 HTTP/1.1" 200 -
2025-11-03 09:40:10,567 - werkzeug - INFO - 127.0.0.1 - - [03/Nov/2025 09:40:10] "GET /api/stats HTTP/1.1" 200 -
2025-11-03 09:40:11,615 - upstox_ws_client - WARNING - No data received for 180 seconds
2025-11-03 09:40:12,066 - upstox_ws_client - WARNING - No data received for 30 seconds
2025-11-03 09:40:12,448 - upstox_ws_client - INFO - Ping successful, connection alive
2025-11-03 09:40:12,553 - werkzeug - INFO - 127.0.0.1 - - [03/Nov/2025 09:40:12] "GET /api/signal-details HTTP/1.1" 200 -
2025-11-03 09:40:14,562 - werkzeug - INFO - 127.0.0.1 - - [03/Nov/2025 09:40:14] "GET /api/signal-details HTTP/1.1" 200 -
2025-11-03 09:40:15,549 - werkzeug - INFO - 127.0.0.1 - - [03/Nov/2025 09:40:15] "GET /api/stats HTTP/1.1" 200 -
2025-11-03 09:40:15,550 - werkzeug - INFO - 127.0.0.1 - - [03/Nov/2025 09:40:15] "GET /api/trades?limit=10 HTTP/1.1" 200 -
2025-11-03 09:40:16,562 - werkzeug - INFO - 127.0.0.1 - - [03/Nov/2025 09:40:16] "GET /api/signal-details HTTP/1.1" 200 -
2025-11-03 09:40:18,559 - werkzeug - INFO - 127.0.0.1 - - [03/Nov/2025 09:40:18] "GET /api/signal-details HTTP/1.1" 200 -
2025-11-03 09:40:20,556 - werkzeug - INFO - 127.0.0.1 - - [03/Nov/2025 09:40:20] "GET /api/signal-details HTTP/1.1" 200 -
2025-11-03 09:40:20,559 - werkzeug - INFO - 127.0.0.1 - - [03/Nov/2025 09:40:20] "GET /api/stats HTTP/1.1" 200 -
2025-11-03 09:40:20,560 - werkzeug - INFO - 127.0.0.1 - - [03/Nov/2025 09:40:20] "GET /api/trades?limit=10 HTTP/1.1" 200 -
2025-11-03 09:40:22,558 - werkzeug - INFO - 127.0.0.1 - - [03/Nov/2025 09:40:22] "GET /api/signal-details HTTP/1.1" 200 -
2025-11-03 09:40:24,554 - werkzeug - INFO - 127.0.0.1 - - [03/Nov/2025 09:40:24] "GET /api/signal-details HTTP/1.1" 200 -
2025-11-03 09:40:25,577 - werkzeug - INFO - 127.0.0.1 - - [03/Nov/2025 09:40:25] "GET /api/stats HTTP/1.1" 200 -
2025-11-03 09:40:25,578 - werkzeug - INFO - 127.0.0.1 - - [03/Nov/2025 09:40:25] "GET /api/trades?limit=10 HTTP/1.1" 200 -
2025-11-03 09:40:26,567 - werkzeug - INFO - 127.0.0.1 - - [03/Nov/2025 09:40:26] "GET /api/signal-details HTTP/1.1" 200 -
2025-11-03 09:40:28,546 - werkzeug - INFO - 127.0.0.1 - - [03/Nov/2025 09:40:28] "GET /api/signal-details HTTP/1.1" 200 -
2025-11-03 09:40:30,562 - werkzeug - INFO - 127.0.0.1 - - [03/Nov/2025 09:40:30] "GET /api/signal-details HTTP/1.1" 200 -
2025-11-03 09:40:30,564 - werkzeug - INFO - 127.0.0.1 - - [03/Nov/2025 09:40:30] "GET /api/trades?limit=10 HTTP/1.1" 200 -
2025-11-03 09:40:30,564 - werkzeug - INFO - 127.0.0.1 - - [03/Nov/2025 09:40:30] "GET /api/stats HTTP/1.1" 200 -
2025-11-03 09:40:42,463 - upstox_ws_client - WARNING - No data received for 30 seconds
2025-11-03 09:40:46,182 - upstox_ws_client - ERROR - Ping failed, reconnecting...
2025-11-03 09:40:46,184 - upstox_ws_client - INFO - Reconnecting in 10 seconds...
2025-11-03 09:41:10,565 - werkzeug - INFO - 127.0.0.1 - - [03/Nov/2025 09:41:10] "GET /api/signal-details HTTP/1.1" 200 -
2025-11-03 09:41:10,571 - werkzeug - INFO - 127.0.0.1 - - [03/Nov/2025 09:41:10] "GET /api/stats HTTP/1.1" 200 -
2025-11-03 09:41:10,572 - werkzeug - INFO - 127.0.0.1 - - [03/Nov/2025 09:41:10] "GET /api/trades?limit=10 HTTP/1.1" 200 -
2025-11-03 09:41:18,494 - upstox_ws_client - ERROR - Authorization error: HTTPSConnectionPool(host='api.upstox.com', port=443): Read timed out. (read timeout=10)
Traceback (most recent call last):
  File "D:\pyhton_02\.venv\Lib\site-packages\urllib3\connectionpool.py", line 464, in _make_request
    self._validate_conn(conn)
    ~~~~~~~~~~~~~~~~~~~^^^^^^
  File "D:\pyhton_02\.venv\Lib\site-packages\urllib3\connectionpool.py", line 1093, in _validate_conn
    conn.connect()
    ~~~~~~~~~~~~^^
  File "D:\pyhton_02\.venv\Lib\site-packages\urllib3\connection.py", line 790, in connect
    sock_and_verified = _ssl_wrap_socket_and_match_hostname(
        sock=sock,
    ...<14 lines>...
        assert_fingerprint=self.assert_fingerprint,
    )
  File "D:\pyhton_02\.venv\Lib\site-packages\urllib3\connection.py", line 969, in _ssl_wrap_socket_and_match_hostname
    ssl_sock = ssl_wrap_socket(
        sock=sock,
    ...<8 lines>...
        tls_in_tls=tls_in_tls,
    )
  File "D:\pyhton_02\.venv\Lib\site-packages\urllib3\util\ssl_.py", line 480, in ssl_wrap_socket
    ssl_sock = _ssl_wrap_socket_impl(sock, context, tls_in_tls, server_hostname)
  File "D:\pyhton_02\.venv\Lib\site-packages\urllib3\util\ssl_.py", line 524, in _ssl_wrap_socket_impl
    return ssl_context.wrap_socket(sock, server_hostname=server_hostname)
           ~~~~~~~~~~~~~~~~~~~~~~~^^^^^^^^^^^^^^^^^^^^^^^^^^^^^^^^^^^^^^^
  File "C:\Users\aroky\AppData\Local\Python\pythoncore-3.14-64\Lib\ssl.py", line 455, in wrap_socket
    return self.sslsocket_class._create(
           ~~~~~~~~~~~~~~~~~~~~~~~~~~~~^
        sock=sock,
        ^^^^^^^^^^
    ...<5 lines>...
        session=session
        ^^^^^^^^^^^^^^^
    )
    ^
  File "C:\Users\aroky\AppData\Local\Python\pythoncore-3.14-64\Lib\ssl.py", line 1076, in _create
    self.do_handshake()
    ~~~~~~~~~~~~~~~~~^^
  File "C:\Users\aroky\AppData\Local\Python\pythoncore-3.14-64\Lib\ssl.py", line 1372, in do_handshake
    self._sslobj.do_handshake()
    ~~~~~~~~~~~~~~~~~~~~~~~~~^^
TimeoutError: _ssl.c:1059: The handshake operation timed out

The above exception was the direct cause of the following exception:

Traceback (most recent call last):
  File "D:\pyhton_02\.venv\Lib\site-packages\requests\adapters.py", line 667, in send
    resp = conn.urlopen(
        method=request.method,
    ...<9 lines>...
        chunked=chunked,
    )
  File "D:\pyhton_02\.venv\Lib\site-packages\urllib3\connectionpool.py", line 841, in urlopen
    retries = retries.increment(
        method, url, error=new_e, _pool=self, _stacktrace=sys.exc_info()[2]
    )
  File "D:\pyhton_02\.venv\Lib\site-packages\urllib3\util\retry.py", line 474, in increment
    raise reraise(type(error), error, _stacktrace)
          ~~~~~~~^^^^^^^^^^^^^^^^^^^^^^^^^^^^^^^^^
  File "D:\pyhton_02\.venv\Lib\site-packages\urllib3\util\util.py", line 39, in reraise
    raise value
  File "D:\pyhton_02\.venv\Lib\site-packages\urllib3\connectionpool.py", line 787, in urlopen
    response = self._make_request(
        conn,
    ...<10 lines>...
        **response_kw,
    )
  File "D:\pyhton_02\.venv\Lib\site-packages\urllib3\connectionpool.py", line 488, in _make_request
    raise new_e
  File "D:\pyhton_02\.venv\Lib\site-packages\urllib3\connectionpool.py", line 466, in _make_request
    self._raise_timeout(err=e, url=url, timeout_value=conn.timeout)
    ~~~~~~~~~~~~~~~~~~~^^^^^^^^^^^^^^^^^^^^^^^^^^^^^^^^^^^^^^^^^^^^
  File "D:\pyhton_02\.venv\Lib\site-packages\urllib3\connectionpool.py", line 367, in _raise_timeout
    raise ReadTimeoutError(
        self, url, f"Read timed out. (read timeout={timeout_value})"
    ) from err
urllib3.exceptions.ReadTimeoutError: HTTPSConnectionPool(host='api.upstox.com', port=443): Read timed out. (read timeout=10)

During handling of the above exception, another exception occurred:

Traceback (most recent call last):
  File "D:\pyhton_02\upstox_ws_client.py", line 70, in get_market_feed_authorization
    response = requests.get(url=url, headers=headers, timeout=10)
  File "D:\pyhton_02\.venv\Lib\site-packages\requests\api.py", line 73, in get
    return request("get", url, params=params, **kwargs)
  File "D:\pyhton_02\.venv\Lib\site-packages\requests\api.py", line 59, in request
    return session.request(method=method, url=url, **kwargs)
           ~~~~~~~~~~~~~~~^^^^^^^^^^^^^^^^^^^^^^^^^^^^^^^^^^
  File "D:\pyhton_02\.venv\Lib\site-packages\requests\sessions.py", line 589, in request
    resp = self.send(prep, **send_kwargs)
  File "D:\pyhton_02\.venv\Lib\site-packages\requests\sessions.py", line 703, in send
    r = adapter.send(request, **kwargs)
  File "D:\pyhton_02\.venv\Lib\site-packages\requests\adapters.py", line 713, in send
    raise ReadTimeout(e, request=request)
requests.exceptions.ReadTimeout: HTTPSConnectionPool(host='api.upstox.com', port=443): Read timed out. (read timeout=10)
2025-11-03 09:41:18,536 - upstox_ws_client - ERROR - WebSocket error: HTTPSConnectionPool(host='api.upstox.com', port=443): Read timed out. (read timeout=10)
Traceback (most recent call last):
  File "D:\pyhton_02\.venv\Lib\site-packages\urllib3\connectionpool.py", line 464, in _make_request
    self._validate_conn(conn)
    ~~~~~~~~~~~~~~~~~~~^^^^^^
  File "D:\pyhton_02\.venv\Lib\site-packages\urllib3\connectionpool.py", line 1093, in _validate_conn
    conn.connect()
    ~~~~~~~~~~~~^^
  File "D:\pyhton_02\.venv\Lib\site-packages\urllib3\connection.py", line 790, in connect
    sock_and_verified = _ssl_wrap_socket_and_match_hostname(
        sock=sock,
    ...<14 lines>...
        assert_fingerprint=self.assert_fingerprint,
    )
  File "D:\pyhton_02\.venv\Lib\site-packages\urllib3\connection.py", line 969, in _ssl_wrap_socket_and_match_hostname
    ssl_sock = ssl_wrap_socket(
        sock=sock,
    ...<8 lines>...
        tls_in_tls=tls_in_tls,
    )
  File "D:\pyhton_02\.venv\Lib\site-packages\urllib3\util\ssl_.py", line 480, in ssl_wrap_socket
    ssl_sock = _ssl_wrap_socket_impl(sock, context, tls_in_tls, server_hostname)
  File "D:\pyhton_02\.venv\Lib\site-packages\urllib3\util\ssl_.py", line 524, in _ssl_wrap_socket_impl
    return ssl_context.wrap_socket(sock, server_hostname=server_hostname)
           ~~~~~~~~~~~~~~~~~~~~~~~^^^^^^^^^^^^^^^^^^^^^^^^^^^^^^^^^^^^^^^
  File "C:\Users\aroky\AppData\Local\Python\pythoncore-3.14-64\Lib\ssl.py", line 455, in wrap_socket
    return self.sslsocket_class._create(
           ~~~~~~~~~~~~~~~~~~~~~~~~~~~~^
        sock=sock,
        ^^^^^^^^^^
    ...<5 lines>...
        session=session
        ^^^^^^^^^^^^^^^
    )
    ^
  File "C:\Users\aroky\AppData\Local\Python\pythoncore-3.14-64\Lib\ssl.py", line 1076, in _create
    self.do_handshake()
    ~~~~~~~~~~~~~~~~~^^
  File "C:\Users\aroky\AppData\Local\Python\pythoncore-3.14-64\Lib\ssl.py", line 1372, in do_handshake
    self._sslobj.do_handshake()
    ~~~~~~~~~~~~~~~~~~~~~~~~~^^
TimeoutError: _ssl.c:1059: The handshake operation timed out

The above exception was the direct cause of the following exception:

Traceback (most recent call last):
  File "D:\pyhton_02\.venv\Lib\site-packages\requests\adapters.py", line 667, in send
    resp = conn.urlopen(
        method=request.method,
    ...<9 lines>...
        chunked=chunked,
    )
  File "D:\pyhton_02\.venv\Lib\site-packages\urllib3\connectionpool.py", line 841, in urlopen
    retries = retries.increment(
        method, url, error=new_e, _pool=self, _stacktrace=sys.exc_info()[2]
    )
  File "D:\pyhton_02\.venv\Lib\site-packages\urllib3\util\retry.py", line 474, in increment
    raise reraise(type(error), error, _stacktrace)
          ~~~~~~~^^^^^^^^^^^^^^^^^^^^^^^^^^^^^^^^^
  File "D:\pyhton_02\.venv\Lib\site-packages\urllib3\util\util.py", line 39, in reraise
    raise value
  File "D:\pyhton_02\.venv\Lib\site-packages\urllib3\connectionpool.py", line 787, in urlopen
    response = self._make_request(
        conn,
    ...<10 lines>...
        **response_kw,
    )
  File "D:\pyhton_02\.venv\Lib\site-packages\urllib3\connectionpool.py", line 488, in _make_request
    raise new_e
  File "D:\pyhton_02\.venv\Lib\site-packages\urllib3\connectionpool.py", line 466, in _make_request
    self._raise_timeout(err=e, url=url, timeout_value=conn.timeout)
    ~~~~~~~~~~~~~~~~~~~^^^^^^^^^^^^^^^^^^^^^^^^^^^^^^^^^^^^^^^^^^^^
  File "D:\pyhton_02\.venv\Lib\site-packages\urllib3\connectionpool.py", line 367, in _raise_timeout
    raise ReadTimeoutError(
        self, url, f"Read timed out. (read timeout={timeout_value})"
    ) from err
urllib3.exceptions.ReadTimeoutError: HTTPSConnectionPool(host='api.upstox.com', port=443): Read timed out. (read timeout=10)

During handling of the above exception, another exception occurred:

Traceback (most recent call last):
  File "D:\pyhton_02\upstox_ws_client.py", line 99, in _async_connect
    auth_response = self.get_market_feed_authorization()
  File "D:\pyhton_02\upstox_ws_client.py", line 70, in get_market_feed_authorization
    response = requests.get(url=url, headers=headers, timeout=10)
  File "D:\pyhton_02\.venv\Lib\site-packages\requests\api.py", line 73, in get
    return request("get", url, params=params, **kwargs)
  File "D:\pyhton_02\.venv\Lib\site-packages\requests\api.py", line 59, in request
    return session.request(method=method, url=url, **kwargs)
           ~~~~~~~~~~~~~~~^^^^^^^^^^^^^^^^^^^^^^^^^^^^^^^^^^
  File "D:\pyhton_02\.venv\Lib\site-packages\requests\sessions.py", line 589, in request
    resp = self.send(prep, **send_kwargs)
  File "D:\pyhton_02\.venv\Lib\site-packages\requests\sessions.py", line 703, in send
    r = adapter.send(request, **kwargs)
  File "D:\pyhton_02\.venv\Lib\site-packages\requests\adapters.py", line 713, in send
    raise ReadTimeout(e, request=request)
requests.exceptions.ReadTimeout: HTTPSConnectionPool(host='api.upstox.com', port=443): Read timed out. (read timeout=10)
2025-11-03 09:41:18,540 - upstox_ws_client - INFO - Reconnecting in 20 seconds...
2025-11-03 09:41:35,807 - werkzeug - INFO - 127.0.0.1 - - [03/Nov/2025 09:41:35] "GET /api/signal-details HTTP/1.1" 200 -
2025-11-03 09:41:35,814 - werkzeug - INFO - 127.0.0.1 - - [03/Nov/2025 09:41:35] "GET /api/stats HTTP/1.1" 200 -
2025-11-03 09:41:35,815 - werkzeug - INFO - 127.0.0.1 - - [03/Nov/2025 09:41:35] "GET /api/trades?limit=10 HTTP/1.1" 200 -
2025-11-03 09:41:36,372 - werkzeug - INFO - 127.0.0.1 - - [03/Nov/2025 09:41:36] "GET /api/signal-details HTTP/1.1" 200 -
2025-11-03 09:41:38,368 - werkzeug - INFO - 127.0.0.1 - - [03/Nov/2025 09:41:38] "GET /api/signal-details HTTP/1.1" 200 -
2025-11-03 09:41:39,334 - upstox_ws_client - INFO - Connecting to WebSocket (attempt 3)
2025-11-03 09:41:40,011 - upstox_ws_client - INFO - WebSocket connected securely
2025-11-03 09:41:40,381 - werkzeug - INFO - 127.0.0.1 - - [03/Nov/2025 09:41:40] "GET /api/signal-details HTTP/1.1" 200 -
2025-11-03 09:41:40,386 - werkzeug - INFO - 127.0.0.1 - - [03/Nov/2025 09:41:40] "GET /api/stats HTTP/1.1" 200 -
2025-11-03 09:41:40,387 - werkzeug - INFO - 127.0.0.1 - - [03/Nov/2025 09:41:40] "GET /api/trades?limit=10 HTTP/1.1" 200 -
2025-11-03 09:41:41,028 - upstox_ws_client - INFO - Subscribed to 1 instruments in full_d30 mode
2025-11-03 09:41:42,364 - werkzeug - INFO - 127.0.0.1 - - [03/Nov/2025 09:41:42] "GET /api/signal-details HTTP/1.1" 200 -
2025-11-03 09:41:44,363 - werkzeug - INFO - 127.0.0.1 - - [03/Nov/2025 09:41:44] "GET /api/signal-details HTTP/1.1" 200 -
2025-11-03 09:41:45,384 - werkzeug - INFO - 127.0.0.1 - - [03/Nov/2025 09:41:45] "GET /api/stats HTTP/1.1" 200 -
2025-11-03 09:41:45,385 - werkzeug - INFO - 127.0.0.1 - - [03/Nov/2025 09:41:45] "GET /api/trades?limit=10 HTTP/1.1" 200 -
2025-11-03 09:41:46,360 - werkzeug - INFO - 127.0.0.1 - - [03/Nov/2025 09:41:46] "GET /api/signal-details HTTP/1.1" 200 -
2025-11-03 09:41:48,372 - werkzeug - INFO - 127.0.0.1 - - [03/Nov/2025 09:41:48] "GET /api/signal-details HTTP/1.1" 200 -
2025-11-03 09:41:50,360 - werkzeug - INFO - 127.0.0.1 - - [03/Nov/2025 09:41:50] "GET /api/signal-details HTTP/1.1" 200 -
2025-11-03 09:41:50,367 - werkzeug - INFO - 127.0.0.1 - - [03/Nov/2025 09:41:50] "GET /api/stats HTTP/1.1" 200 -
2025-11-03 09:41:50,367 - werkzeug - INFO - 127.0.0.1 - - [03/Nov/2025 09:41:50] "GET /api/trades?limit=10 HTTP/1.1" 200 -
2025-11-03 09:41:52,373 - werkzeug - INFO - 127.0.0.1 - - [03/Nov/2025 09:41:52] "GET /api/signal-details HTTP/1.1" 200 -
2025-11-03 09:41:54,368 - werkzeug - INFO - 127.0.0.1 - - [03/Nov/2025 09:41:54] "GET /api/signal-details HTTP/1.1" 200 -
2025-11-03 09:41:55,577 - werkzeug - INFO - 127.0.0.1 - - [03/Nov/2025 09:41:55] "GET /api/stats HTTP/1.1" 200 -
2025-11-03 09:41:55,578 - werkzeug - INFO - 127.0.0.1 - - [03/Nov/2025 09:41:55] "GET /api/trades?limit=10 HTTP/1.1" 200 -
2025-11-03 09:41:56,552 - werkzeug - INFO - 127.0.0.1 - - [03/Nov/2025 09:41:56] "GET /api/signal-details HTTP/1.1" 200 -
2025-11-03 09:41:58,563 - werkzeug - INFO - 127.0.0.1 - - [03/Nov/2025 09:41:58] "GET /api/signal-details HTTP/1.1" 200 -
2025-11-03 09:42:00,559 - werkzeug - INFO - 127.0.0.1 - - [03/Nov/2025 09:42:00] "GET /api/signal-details HTTP/1.1" 200 -
2025-11-03 09:42:00,562 - werkzeug - INFO - 127.0.0.1 - - [03/Nov/2025 09:42:00] "GET /api/trades?limit=10 HTTP/1.1" 200 -
2025-11-03 09:42:00,563 - werkzeug - INFO - 127.0.0.1 - - [03/Nov/2025 09:42:00] "GET /api/stats HTTP/1.1" 200 -
2025-11-03 09:42:02,546 - werkzeug - INFO - 127.0.0.1 - - [03/Nov/2025 09:42:02] "GET /api/signal-details HTTP/1.1" 200 -
2025-11-03 09:42:04,574 - werkzeug - INFO - 127.0.0.1 - - [03/Nov/2025 09:42:04] "GET /api/signal-details HTTP/1.1" 200 -
2025-11-03 09:42:05,558 - werkzeug - INFO - 127.0.0.1 - - [03/Nov/2025 09:42:05] "GET /api/stats HTTP/1.1" 200 -
2025-11-03 09:42:05,559 - werkzeug - INFO - 127.0.0.1 - - [03/Nov/2025 09:42:05] "GET /api/trades?limit=10 HTTP/1.1" 200 -
2025-11-03 09:42:06,558 - werkzeug - INFO - 127.0.0.1 - - [03/Nov/2025 09:42:06] "GET /api/signal-details HTTP/1.1" 200 -
2025-11-03 09:42:08,547 - werkzeug - INFO - 127.0.0.1 - - [03/Nov/2025 09:42:08] "GET /api/signal-details HTTP/1.1" 200 -
2025-11-03 09:42:10,572 - werkzeug - INFO - 127.0.0.1 - - [03/Nov/2025 09:42:10] "GET /api/signal-details HTTP/1.1" 200 -
2025-11-03 09:42:10,576 - werkzeug - INFO - 127.0.0.1 - - [03/Nov/2025 09:42:10] "GET /api/trades?limit=10 HTTP/1.1" 200 -
2025-11-03 09:42:10,576 - werkzeug - INFO - 127.0.0.1 - - [03/Nov/2025 09:42:10] "GET /api/stats HTTP/1.1" 200 -
2025-11-03 09:42:11,402 - upstox_ws_client - WARNING - No data received for 30 seconds
2025-11-03 09:42:11,440 - upstox_ws_client - INFO - Ping successful, connection alive
2025-11-03 09:42:12,562 - werkzeug - INFO - 127.0.0.1 - - [03/Nov/2025 09:42:12] "GET /api/signal-details HTTP/1.1" 200 -
2025-11-03 09:42:14,561 - werkzeug - INFO - 127.0.0.1 - - [03/Nov/2025 09:42:14] "GET /api/signal-details HTTP/1.1" 200 -
2025-11-03 09:42:15,564 - werkzeug - INFO - 127.0.0.1 - - [03/Nov/2025 09:42:15] "GET /api/trades?limit=10 HTTP/1.1" 200 -
2025-11-03 09:42:15,565 - werkzeug - INFO - 127.0.0.1 - - [03/Nov/2025 09:42:15] "GET /api/stats HTTP/1.1" 200 -
2025-11-03 09:42:16,563 - werkzeug - INFO - 127.0.0.1 - - [03/Nov/2025 09:42:16] "GET /api/signal-details HTTP/1.1" 200 -
2025-11-03 09:42:18,563 - werkzeug - INFO - 127.0.0.1 - - [03/Nov/2025 09:42:18] "GET /api/signal-details HTTP/1.1" 200 -
2025-11-03 09:42:20,565 - werkzeug - INFO - 127.0.0.1 - - [03/Nov/2025 09:42:20] "GET /api/signal-details HTTP/1.1" 200 -
2025-11-03 09:42:20,567 - werkzeug - INFO - 127.0.0.1 - - [03/Nov/2025 09:42:20] "GET /api/trades?limit=10 HTTP/1.1" 200 -
2025-11-03 09:42:20,571 - werkzeug - INFO - 127.0.0.1 - - [03/Nov/2025 09:42:20] "GET /api/stats HTTP/1.1" 200 -
2025-11-03 09:42:22,556 - werkzeug - INFO - 127.0.0.1 - - [03/Nov/2025 09:42:22] "GET /api/signal-details HTTP/1.1" 200 -
2025-11-03 09:42:24,560 - werkzeug - INFO - 127.0.0.1 - - [03/Nov/2025 09:42:24] "GET /api/signal-details HTTP/1.1" 200 -
2025-11-03 09:42:25,559 - werkzeug - INFO - 127.0.0.1 - - [03/Nov/2025 09:42:25] "GET /api/trades?limit=10 HTTP/1.1" 200 -
2025-11-03 09:42:25,560 - werkzeug - INFO - 127.0.0.1 - - [03/Nov/2025 09:42:25] "GET /api/stats HTTP/1.1" 200 -
2025-11-03 09:42:26,558 - werkzeug - INFO - 127.0.0.1 - - [03/Nov/2025 09:42:26] "GET /api/signal-details HTTP/1.1" 200 -
2025-11-03 09:42:28,552 - werkzeug - INFO - 127.0.0.1 - - [03/Nov/2025 09:42:28] "GET /api/signal-details HTTP/1.1" 200 -
2025-11-03 09:42:30,561 - werkzeug - INFO - 127.0.0.1 - - [03/Nov/2025 09:42:30] "GET /api/signal-details HTTP/1.1" 200 -
2025-11-03 09:42:30,565 - werkzeug - INFO - 127.0.0.1 - - [03/Nov/2025 09:42:30] "GET /api/trades?limit=10 HTTP/1.1" 200 -
2025-11-03 09:42:30,567 - werkzeug - INFO - 127.0.0.1 - - [03/Nov/2025 09:42:30] "GET /api/stats HTTP/1.1" 200 -
2025-11-03 09:42:32,567 - werkzeug - INFO - 127.0.0.1 - - [03/Nov/2025 09:42:32] "GET /api/signal-details HTTP/1.1" 200 -
2025-11-03 09:42:34,548 - werkzeug - INFO - 127.0.0.1 - - [03/Nov/2025 09:42:34] "GET /api/signal-details HTTP/1.1" 200 -
2025-11-03 09:42:35,549 - werkzeug - INFO - 127.0.0.1 - - [03/Nov/2025 09:42:35] "GET /api/trades?limit=10 HTTP/1.1" 200 -
2025-11-03 09:42:35,549 - werkzeug - INFO - 127.0.0.1 - - [03/Nov/2025 09:42:35] "GET /api/stats HTTP/1.1" 200 -
2025-11-03 09:42:36,566 - werkzeug - INFO - 127.0.0.1 - - [03/Nov/2025 09:42:36] "GET /api/signal-details HTTP/1.1" 200 -
2025-11-03 09:42:38,560 - werkzeug - INFO - 127.0.0.1 - - [03/Nov/2025 09:42:38] "GET /api/signal-details HTTP/1.1" 200 -
2025-11-03 09:42:40,564 - werkzeug - INFO - 127.0.0.1 - - [03/Nov/2025 09:42:40] "GET /api/signal-details HTTP/1.1" 200 -
2025-11-03 09:42:40,570 - werkzeug - INFO - 127.0.0.1 - - [03/Nov/2025 09:42:40] "GET /api/trades?limit=10 HTTP/1.1" 200 -
2025-11-03 09:42:40,571 - werkzeug - INFO - 127.0.0.1 - - [03/Nov/2025 09:42:40] "GET /api/stats HTTP/1.1" 200 -
2025-11-03 09:42:41,441 - upstox_ws_client - WARNING - No data received for 30 seconds
2025-11-03 09:42:41,478 - upstox_ws_client - INFO - Ping successful, connection alive
2025-11-03 09:42:42,556 - werkzeug - INFO - 127.0.0.1 - - [03/Nov/2025 09:42:42] "GET /api/signal-details HTTP/1.1" 200 -
2025-11-03 09:42:44,556 - werkzeug - INFO - 127.0.0.1 - - [03/Nov/2025 09:42:44] "GET /api/signal-details HTTP/1.1" 200 -
2025-11-03 09:42:45,540 - werkzeug - INFO - 127.0.0.1 - - [03/Nov/2025 09:42:45] "GET /api/stats HTTP/1.1" 200 -
2025-11-03 09:42:45,541 - werkzeug - INFO - 127.0.0.1 - - [03/Nov/2025 09:42:45] "GET /api/trades?limit=10 HTTP/1.1" 200 -
2025-11-03 09:42:46,556 - werkzeug - INFO - 127.0.0.1 - - [03/Nov/2025 09:42:46] "GET /api/signal-details HTTP/1.1" 200 -
2025-11-03 09:42:48,567 - werkzeug - INFO - 127.0.0.1 - - [03/Nov/2025 09:42:48] "GET /api/signal-details HTTP/1.1" 200 -
2025-11-03 09:42:50,566 - werkzeug - INFO - 127.0.0.1 - - [03/Nov/2025 09:42:50] "GET /api/signal-details HTTP/1.1" 200 -
2025-11-03 09:42:50,569 - werkzeug - INFO - 127.0.0.1 - - [03/Nov/2025 09:42:50] "GET /api/stats HTTP/1.1" 200 -
2025-11-03 09:42:50,570 - werkzeug - INFO - 127.0.0.1 - - [03/Nov/2025 09:42:50] "GET /api/trades?limit=10 HTTP/1.1" 200 -
2025-11-03 09:42:52,557 - werkzeug - INFO - 127.0.0.1 - - [03/Nov/2025 09:42:52] "GET /api/signal-details HTTP/1.1" 200 -
2025-11-03 09:42:54,544 - werkzeug - INFO - 127.0.0.1 - - [03/Nov/2025 09:42:54] "GET /api/signal-details HTTP/1.1" 200 -
2025-11-03 09:43:10,571 - werkzeug - INFO - 127.0.0.1 - - [03/Nov/2025 09:43:10] "GET /api/signal-details HTTP/1.1" 200 -
2025-11-03 09:43:10,574 - werkzeug - INFO - 127.0.0.1 - - [03/Nov/2025 09:43:10] "GET /api/stats HTTP/1.1" 200 -
2025-11-03 09:43:10,575 - werkzeug - INFO - 127.0.0.1 - - [03/Nov/2025 09:43:10] "GET /api/trades?limit=10 HTTP/1.1" 200 -
2025-11-03 09:43:11,485 - upstox_ws_client - WARNING - No data received for 30 seconds
2025-11-03 09:43:11,678 - upstox_ws_client - INFO - Ping successful, connection alive
2025-11-03 09:43:41,680 - upstox_ws_client - WARNING - No data received for 30 seconds
2025-11-03 09:43:41,718 - upstox_ws_client - INFO - Ping successful, connection alive
2025-11-03 09:44:10,560 - werkzeug - INFO - 127.0.0.1 - - [03/Nov/2025 09:44:10] "GET /api/signal-details HTTP/1.1" 200 -
2025-11-03 09:44:10,563 - werkzeug - INFO - 127.0.0.1 - - [03/Nov/2025 09:44:10] "GET /api/stats HTTP/1.1" 200 -
2025-11-03 09:44:10,564 - werkzeug - INFO - 127.0.0.1 - - [03/Nov/2025 09:44:10] "GET /api/trades?limit=10 HTTP/1.1" 200 -
2025-11-03 09:44:11,720 - upstox_ws_client - WARNING - No data received for 30 seconds
2025-11-03 09:44:11,759 - upstox_ws_client - INFO - Ping successful, connection alive
2025-11-03 09:44:29,227 - werkzeug - INFO - 127.0.0.1 - - [03/Nov/2025 09:44:29] "GET /api/signal-details HTTP/1.1" 200 -
2025-11-03 09:44:29,230 - werkzeug - INFO - 127.0.0.1 - - [03/Nov/2025 09:44:29] "GET /api/trades?limit=10 HTTP/1.1" 200 -
2025-11-03 09:44:29,230 - werkzeug - INFO - 127.0.0.1 - - [03/Nov/2025 09:44:29] "GET /api/stats HTTP/1.1" 200 -
2025-11-03 09:44:30,373 - werkzeug - INFO - 127.0.0.1 - - [03/Nov/2025 09:44:30] "GET /api/signal-details HTTP/1.1" 200 -
2025-11-03 09:44:30,377 - werkzeug - INFO - 127.0.0.1 - - [03/Nov/2025 09:44:30] "GET /api/trades?limit=10 HTTP/1.1" 200 -
2025-11-03 09:44:30,377 - werkzeug - INFO - 127.0.0.1 - - [03/Nov/2025 09:44:30] "GET /api/stats HTTP/1.1" 200 -
2025-11-03 09:44:32,368 - werkzeug - INFO - 127.0.0.1 - - [03/Nov/2025 09:44:32] "GET /api/signal-details HTTP/1.1" 200 -
2025-11-03 09:44:34,367 - werkzeug - INFO - 127.0.0.1 - - [03/Nov/2025 09:44:34] "GET /api/signal-details HTTP/1.1" 200 -
2025-11-03 09:44:35,368 - werkzeug - INFO - 127.0.0.1 - - [03/Nov/2025 09:44:35] "GET /api/trades?limit=10 HTTP/1.1" 200 -
2025-11-03 09:44:35,369 - werkzeug - INFO - 127.0.0.1 - - [03/Nov/2025 09:44:35] "GET /api/stats HTTP/1.1" 200 -
2025-11-03 09:44:36,368 - werkzeug - INFO - 127.0.0.1 - - [03/Nov/2025 09:44:36] "GET /api/signal-details HTTP/1.1" 200 -
2025-11-03 09:44:38,373 - werkzeug - INFO - 127.0.0.1 - - [03/Nov/2025 09:44:38] "GET /api/signal-details HTTP/1.1" 200 -
2025-11-03 09:44:40,376 - werkzeug - INFO - 127.0.0.1 - - [03/Nov/2025 09:44:40] "GET /api/signal-details HTTP/1.1" 200 -
2025-11-03 09:44:40,382 - werkzeug - INFO - 127.0.0.1 - - [03/Nov/2025 09:44:40] "GET /api/stats HTTP/1.1" 200 -
2025-11-03 09:44:40,383 - werkzeug - INFO - 127.0.0.1 - - [03/Nov/2025 09:44:40] "GET /api/trades?limit=10 HTTP/1.1" 200 -
2025-11-03 09:44:41,060 - upstox_ws_client - WARNING - No data received for 180 seconds
2025-11-03 09:44:41,773 - upstox_ws_client - WARNING - No data received for 30 seconds
2025-11-03 09:44:41,813 - upstox_ws_client - INFO - Ping successful, connection alive
2025-11-03 09:44:42,359 - werkzeug - INFO - 127.0.0.1 - - [03/Nov/2025 09:44:42] "GET /api/signal-details HTTP/1.1" 200 -
2025-11-03 09:44:44,372 - werkzeug - INFO - 127.0.0.1 - - [03/Nov/2025 09:44:44] "GET /api/signal-details HTTP/1.1" 200 -
2025-11-03 09:44:45,378 - werkzeug - INFO - 127.0.0.1 - - [03/Nov/2025 09:44:45] "GET /api/stats HTTP/1.1" 200 -
2025-11-03 09:44:45,379 - werkzeug - INFO - 127.0.0.1 - - [03/Nov/2025 09:44:45] "GET /api/trades?limit=10 HTTP/1.1" 200 -
2025-11-03 09:44:46,373 - werkzeug - INFO - 127.0.0.1 - - [03/Nov/2025 09:44:46] "GET /api/signal-details HTTP/1.1" 200 -
2025-11-03 09:44:48,366 - werkzeug - INFO - 127.0.0.1 - - [03/Nov/2025 09:44:48] "GET /api/signal-details HTTP/1.1" 200 -
2025-11-03 09:44:50,366 - werkzeug - INFO - 127.0.0.1 - - [03/Nov/2025 09:44:50] "GET /api/signal-details HTTP/1.1" 200 -
2025-11-03 09:44:50,372 - werkzeug - INFO - 127.0.0.1 - - [03/Nov/2025 09:44:50] "GET /api/stats HTTP/1.1" 200 -
2025-11-03 09:44:50,373 - werkzeug - INFO - 127.0.0.1 - - [03/Nov/2025 09:44:50] "GET /api/trades?limit=10 HTTP/1.1" 200 -
2025-11-03 09:44:52,362 - werkzeug - INFO - 127.0.0.1 - - [03/Nov/2025 09:44:52] "GET /api/signal-details HTTP/1.1" 200 -
2025-11-03 09:44:54,382 - werkzeug - INFO - 127.0.0.1 - - [03/Nov/2025 09:44:54] "GET /api/signal-details HTTP/1.1" 200 -
2025-11-03 09:44:55,384 - werkzeug - INFO - 127.0.0.1 - - [03/Nov/2025 09:44:55] "GET /api/stats HTTP/1.1" 200 -
2025-11-03 09:44:55,385 - werkzeug - INFO - 127.0.0.1 - - [03/Nov/2025 09:44:55] "GET /api/trades?limit=10 HTTP/1.1" 200 -
2025-11-03 09:44:56,377 - werkzeug - INFO - 127.0.0.1 - - [03/Nov/2025 09:44:56] "GET /api/signal-details HTTP/1.1" 200 -
2025-11-03 09:44:58,360 - werkzeug - INFO - 127.0.0.1 - - [03/Nov/2025 09:44:58] "GET /api/signal-details HTTP/1.1" 200 -
2025-11-03 09:45:00,373 - werkzeug - INFO - 127.0.0.1 - - [03/Nov/2025 09:45:00] "GET /api/signal-details HTTP/1.1" 200 -
2025-11-03 09:45:00,379 - werkzeug - INFO - 127.0.0.1 - - [03/Nov/2025 09:45:00] "GET /api/trades?limit=10 HTTP/1.1" 200 -
2025-11-03 09:45:00,379 - werkzeug - INFO - 127.0.0.1 - - [03/Nov/2025 09:45:00] "GET /api/stats HTTP/1.1" 200 -
2025-11-03 09:45:02,369 - werkzeug - INFO - 127.0.0.1 - - [03/Nov/2025 09:45:02] "GET /api/signal-details HTTP/1.1" 200 -
2025-11-03 09:45:04,360 - werkzeug - INFO - 127.0.0.1 - - [03/Nov/2025 09:45:04] "GET /api/signal-details HTTP/1.1" 200 -
2025-11-03 09:45:05,382 - werkzeug - INFO - 127.0.0.1 - - [03/Nov/2025 09:45:05] "GET /api/stats HTTP/1.1" 200 -
2025-11-03 09:45:05,383 - werkzeug - INFO - 127.0.0.1 - - [03/Nov/2025 09:45:05] "GET /api/trades?limit=10 HTTP/1.1" 200 -
2025-11-03 09:45:06,369 - werkzeug - INFO - 127.0.0.1 - - [03/Nov/2025 09:45:06] "GET /api/signal-details HTTP/1.1" 200 -
2025-11-03 09:45:08,366 - werkzeug - INFO - 127.0.0.1 - - [03/Nov/2025 09:45:08] "GET /api/signal-details HTTP/1.1" 200 -
2025-11-03 09:45:10,384 - werkzeug - INFO - 127.0.0.1 - - [03/Nov/2025 09:45:10] "GET /api/signal-details HTTP/1.1" 200 -
2025-11-03 09:45:10,389 - werkzeug - INFO - 127.0.0.1 - - [03/Nov/2025 09:45:10] "GET /api/stats HTTP/1.1" 200 -
2025-11-03 09:45:10,393 - werkzeug - INFO - 127.0.0.1 - - [03/Nov/2025 09:45:10] "GET /api/trades?limit=10 HTTP/1.1" 200 -
2025-11-03 09:45:11,823 - upstox_ws_client - WARNING - No data received for 30 seconds
2025-11-03 09:45:11,880 - upstox_ws_client - INFO - Ping successful, connection alive
2025-11-03 09:45:12,380 - werkzeug - INFO - 127.0.0.1 - - [03/Nov/2025 09:45:12] "GET /api/signal-details HTTP/1.1" 200 -
2025-11-03 09:45:14,361 - werkzeug - INFO - 127.0.0.1 - - [03/Nov/2025 09:45:14] "GET /api/signal-details HTTP/1.1" 200 -
2025-11-03 09:45:15,381 - werkzeug - INFO - 127.0.0.1 - - [03/Nov/2025 09:45:15] "GET /api/trades?limit=10 HTTP/1.1" 200 -
2025-11-03 09:45:15,382 - werkzeug - INFO - 127.0.0.1 - - [03/Nov/2025 09:45:15] "GET /api/stats HTTP/1.1" 200 -
2025-11-03 09:45:16,377 - werkzeug - INFO - 127.0.0.1 - - [03/Nov/2025 09:45:16] "GET /api/signal-details HTTP/1.1" 200 -
2025-11-03 09:45:18,376 - werkzeug - INFO - 127.0.0.1 - - [03/Nov/2025 09:45:18] "GET /api/signal-details HTTP/1.1" 200 -
2025-11-03 09:45:20,560 - werkzeug - INFO - 127.0.0.1 - - [03/Nov/2025 09:45:20] "GET /api/signal-details HTTP/1.1" 200 -
2025-11-03 09:45:20,566 - werkzeug - INFO - 127.0.0.1 - - [03/Nov/2025 09:45:20] "GET /api/trades?limit=10 HTTP/1.1" 200 -
2025-11-03 09:45:20,567 - werkzeug - INFO - 127.0.0.1 - - [03/Nov/2025 09:45:20] "GET /api/stats HTTP/1.1" 200 -
2025-11-03 09:45:22,558 - werkzeug - INFO - 127.0.0.1 - - [03/Nov/2025 09:45:22] "GET /api/signal-details HTTP/1.1" 200 -
2025-11-03 09:45:24,561 - werkzeug - INFO - 127.0.0.1 - - [03/Nov/2025 09:45:24] "GET /api/signal-details HTTP/1.1" 200 -
2025-11-03 09:45:25,560 - werkzeug - INFO - 127.0.0.1 - - [03/Nov/2025 09:45:25] "GET /api/stats HTTP/1.1" 200 -
2025-11-03 09:45:25,560 - werkzeug - INFO - 127.0.0.1 - - [03/Nov/2025 09:45:25] "GET /api/trades?limit=10 HTTP/1.1" 200 -
2025-11-03 09:45:26,546 - werkzeug - INFO - 127.0.0.1 - - [03/Nov/2025 09:45:26] "GET /api/signal-details HTTP/1.1" 200 -
2025-11-03 09:45:28,361 - werkzeug - INFO - 127.0.0.1 - - [03/Nov/2025 09:45:28] "GET /api/signal-details HTTP/1.1" 200 -
2025-11-03 09:45:30,569 - werkzeug - INFO - 127.0.0.1 - - [03/Nov/2025 09:45:30] "GET /api/signal-details HTTP/1.1" 200 -
2025-11-03 09:45:30,574 - werkzeug - INFO - 127.0.0.1 - - [03/Nov/2025 09:45:30] "GET /api/stats HTTP/1.1" 200 -
2025-11-03 09:45:30,575 - werkzeug - INFO - 127.0.0.1 - - [03/Nov/2025 09:45:30] "GET /api/trades?limit=10 HTTP/1.1" 200 -
2025-11-03 09:45:32,561 - werkzeug - INFO - 127.0.0.1 - - [03/Nov/2025 09:45:32] "GET /api/signal-details HTTP/1.1" 200 -
2025-11-03 09:45:34,553 - werkzeug - INFO - 127.0.0.1 - - [03/Nov/2025 09:45:34] "GET /api/signal-details HTTP/1.1" 200 -
2025-11-03 09:45:35,562 - werkzeug - INFO - 127.0.0.1 - - [03/Nov/2025 09:45:35] "GET /api/stats HTTP/1.1" 200 -
2025-11-03 09:45:35,562 - werkzeug - INFO - 127.0.0.1 - - [03/Nov/2025 09:45:35] "GET /api/trades?limit=10 HTTP/1.1" 200 -
2025-11-03 09:45:36,559 - werkzeug - INFO - 127.0.0.1 - - [03/Nov/2025 09:45:36] "GET /api/signal-details HTTP/1.1" 200 -
2025-11-03 09:45:38,539 - werkzeug - INFO - 127.0.0.1 - - [03/Nov/2025 09:45:38] "GET /api/signal-details HTTP/1.1" 200 -
2025-11-03 09:45:40,558 - werkzeug - INFO - 127.0.0.1 - - [03/Nov/2025 09:45:40] "GET /api/signal-details HTTP/1.1" 200 -
2025-11-03 09:45:40,560 - werkzeug - INFO - 127.0.0.1 - - [03/Nov/2025 09:45:40] "GET /api/stats HTTP/1.1" 200 -
2025-11-03 09:45:40,561 - werkzeug - INFO - 127.0.0.1 - - [03/Nov/2025 09:45:40] "GET /api/trades?limit=10 HTTP/1.1" 200 -
2025-11-03 09:45:41,067 - upstox_ws_client - WARNING - No data received for 240 seconds
2025-11-03 09:45:41,886 - upstox_ws_client - WARNING - No data received for 30 seconds
2025-11-03 09:45:41,923 - upstox_ws_client - INFO - Ping successful, connection alive
2025-11-03 09:45:42,553 - werkzeug - INFO - 127.0.0.1 - - [03/Nov/2025 09:45:42] "GET /api/signal-details HTTP/1.1" 200 -
2025-11-03 09:45:44,557 - werkzeug - INFO - 127.0.0.1 - - [03/Nov/2025 09:45:44] "GET /api/signal-details HTTP/1.1" 200 -
2025-11-03 09:45:45,557 - werkzeug - INFO - 127.0.0.1 - - [03/Nov/2025 09:45:45] "GET /api/trades?limit=10 HTTP/1.1" 200 -
2025-11-03 09:45:45,558 - werkzeug - INFO - 127.0.0.1 - - [03/Nov/2025 09:45:45] "GET /api/stats HTTP/1.1" 200 -
2025-11-03 09:45:46,566 - werkzeug - INFO - 127.0.0.1 - - [03/Nov/2025 09:45:46] "GET /api/signal-details HTTP/1.1" 200 -
2025-11-03 09:45:48,550 - werkzeug - INFO - 127.0.0.1 - - [03/Nov/2025 09:45:48] "GET /api/signal-details HTTP/1.1" 200 -
2025-11-03 09:45:50,574 - werkzeug - INFO - 127.0.0.1 - - [03/Nov/2025 09:45:50] "GET /api/signal-details HTTP/1.1" 200 -
2025-11-03 09:45:50,580 - werkzeug - INFO - 127.0.0.1 - - [03/Nov/2025 09:45:50] "GET /api/stats HTTP/1.1" 200 -
2025-11-03 09:45:50,581 - werkzeug - INFO - 127.0.0.1 - - [03/Nov/2025 09:45:50] "GET /api/trades?limit=10 HTTP/1.1" 200 -
2025-11-03 09:45:52,544 - werkzeug - INFO - 127.0.0.1 - - [03/Nov/2025 09:45:52] "GET /api/signal-details HTTP/1.1" 200 -
2025-11-03 09:45:54,546 - werkzeug - INFO - 127.0.0.1 - - [03/Nov/2025 09:45:54] "GET /api/signal-details HTTP/1.1" 200 -
2025-11-03 09:45:55,569 - werkzeug - INFO - 127.0.0.1 - - [03/Nov/2025 09:45:55] "GET /api/stats HTTP/1.1" 200 -
2025-11-03 09:45:55,570 - werkzeug - INFO - 127.0.0.1 - - [03/Nov/2025 09:45:55] "GET /api/trades?limit=10 HTTP/1.1" 200 -
2025-11-03 09:45:56,559 - werkzeug - INFO - 127.0.0.1 - - [03/Nov/2025 09:45:56] "GET /api/signal-details HTTP/1.1" 200 -
2025-11-03 09:45:58,559 - werkzeug - INFO - 127.0.0.1 - - [03/Nov/2025 09:45:58] "GET /api/signal-details HTTP/1.1" 200 -
2025-11-03 09:46:00,560 - werkzeug - INFO - 127.0.0.1 - - [03/Nov/2025 09:46:00] "GET /api/signal-details HTTP/1.1" 200 -
2025-11-03 09:46:00,567 - werkzeug - INFO - 127.0.0.1 - - [03/Nov/2025 09:46:00] "GET /api/trades?limit=10 HTTP/1.1" 200 -
2025-11-03 09:46:00,568 - werkzeug - INFO - 127.0.0.1 - - [03/Nov/2025 09:46:00] "GET /api/stats HTTP/1.1" 200 -
2025-11-03 09:46:02,539 - werkzeug - INFO - 127.0.0.1 - - [03/Nov/2025 09:46:02] "GET /api/signal-details HTTP/1.1" 200 -
2025-11-03 09:46:04,565 - werkzeug - INFO - 127.0.0.1 - - [03/Nov/2025 09:46:04] "GET /api/signal-details HTTP/1.1" 200 -
2025-11-03 09:46:05,547 - werkzeug - INFO - 127.0.0.1 - - [03/Nov/2025 09:46:05] "GET /api/stats HTTP/1.1" 200 -
2025-11-03 09:46:05,547 - werkzeug - INFO - 127.0.0.1 - - [03/Nov/2025 09:46:05] "GET /api/trades?limit=10 HTTP/1.1" 200 -
2025-11-03 09:46:06,564 - werkzeug - INFO - 127.0.0.1 - - [03/Nov/2025 09:46:06] "GET /api/signal-details HTTP/1.1" 200 -
2025-11-03 09:46:08,555 - werkzeug - INFO - 127.0.0.1 - - [03/Nov/2025 09:46:08] "GET /api/signal-details HTTP/1.1" 200 -
2025-11-03 09:46:10,563 - werkzeug - INFO - 127.0.0.1 - - [03/Nov/2025 09:46:10] "GET /api/signal-details HTTP/1.1" 200 -
2025-11-03 09:46:10,567 - werkzeug - INFO - 127.0.0.1 - - [03/Nov/2025 09:46:10] "GET /api/stats HTTP/1.1" 200 -
2025-11-03 09:46:10,570 - werkzeug - INFO - 127.0.0.1 - - [03/Nov/2025 09:46:10] "GET /api/trades?limit=10 HTTP/1.1" 200 -
2025-11-03 09:46:11,938 - upstox_ws_client - WARNING - No data received for 30 seconds
2025-11-03 09:46:11,976 - upstox_ws_client - INFO - Ping successful, connection alive
2025-11-03 09:46:12,557 - werkzeug - INFO - 127.0.0.1 - - [03/Nov/2025 09:46:12] "GET /api/signal-details HTTP/1.1" 200 -
2025-11-03 09:46:14,555 - werkzeug - INFO - 127.0.0.1 - - [03/Nov/2025 09:46:14] "GET /api/signal-details HTTP/1.1" 200 -
2025-11-03 09:46:15,542 - werkzeug - INFO - 127.0.0.1 - - [03/Nov/2025 09:46:15] "GET /api/stats HTTP/1.1" 200 -
2025-11-03 09:46:15,543 - werkzeug - INFO - 127.0.0.1 - - [03/Nov/2025 09:46:15] "GET /api/trades?limit=10 HTTP/1.1" 200 -
2025-11-03 09:46:16,551 - werkzeug - INFO - 127.0.0.1 - - [03/Nov/2025 09:46:16] "GET /api/signal-details HTTP/1.1" 200 -
2025-11-03 09:46:18,544 - werkzeug - INFO - 127.0.0.1 - - [03/Nov/2025 09:46:18] "GET /api/signal-details HTTP/1.1" 200 -
2025-11-03 09:46:20,548 - werkzeug - INFO - 127.0.0.1 - - [03/Nov/2025 09:46:20] "GET /api/signal-details HTTP/1.1" 200 -
2025-11-03 09:46:20,550 - werkzeug - INFO - 127.0.0.1 - - [03/Nov/2025 09:46:20] "GET /api/stats HTTP/1.1" 200 -
2025-11-03 09:46:20,552 - werkzeug - INFO - 127.0.0.1 - - [03/Nov/2025 09:46:20] "GET /api/trades?limit=10 HTTP/1.1" 200 -
2025-11-03 09:46:22,548 - werkzeug - INFO - 127.0.0.1 - - [03/Nov/2025 09:46:22] "GET /api/signal-details HTTP/1.1" 200 -
2025-11-03 09:46:24,558 - werkzeug - INFO - 127.0.0.1 - - [03/Nov/2025 09:46:24] "GET /api/signal-details HTTP/1.1" 200 -
2025-11-03 09:46:25,569 - werkzeug - INFO - 127.0.0.1 - - [03/Nov/2025 09:46:25] "GET /api/stats HTTP/1.1" 200 -
2025-11-03 09:46:25,570 - werkzeug - INFO - 127.0.0.1 - - [03/Nov/2025 09:46:25] "GET /api/trades?limit=10 HTTP/1.1" 200 -
2025-11-03 09:46:26,549 - werkzeug - INFO - 127.0.0.1 - - [03/Nov/2025 09:46:26] "GET /api/signal-details HTTP/1.1" 200 -
2025-11-03 09:46:28,559 - werkzeug - INFO - 127.0.0.1 - - [03/Nov/2025 09:46:28] "GET /api/signal-details HTTP/1.1" 200 -
2025-11-03 09:46:41,078 - upstox_ws_client - WARNING - No data received for 300 seconds
2025-11-03 09:46:41,979 - upstox_ws_client - WARNING - No data received for 30 seconds
2025-11-03 09:46:42,017 - upstox_ws_client - INFO - Ping successful, connection alive
2025-11-03 09:46:42,716 - werkzeug - INFO - 127.0.0.1 - - [03/Nov/2025 09:46:42] "GET /api/signal-details HTTP/1.1" 200 -
2025-11-03 09:46:42,719 - werkzeug - INFO - 127.0.0.1 - - [03/Nov/2025 09:46:42] "GET /api/trades?limit=10 HTTP/1.1" 200 -
2025-11-03 09:46:42,720 - werkzeug - INFO - 127.0.0.1 - - [03/Nov/2025 09:46:42] "GET /api/stats HTTP/1.1" 200 -
2025-11-03 09:46:44,363 - werkzeug - INFO - 127.0.0.1 - - [03/Nov/2025 09:46:44] "GET /api/signal-details HTTP/1.1" 200 -
2025-11-03 09:46:45,569 - werkzeug - INFO - 127.0.0.1 - - [03/Nov/2025 09:46:45] "GET /api/stats HTTP/1.1" 200 -
2025-11-03 09:46:45,570 - werkzeug - INFO - 127.0.0.1 - - [03/Nov/2025 09:46:45] "GET /api/trades?limit=10 HTTP/1.1" 200 -
2025-11-03 09:46:46,562 - werkzeug - INFO - 127.0.0.1 - - [03/Nov/2025 09:46:46] "GET /api/signal-details HTTP/1.1" 200 -
2025-11-03 09:46:48,559 - werkzeug - INFO - 127.0.0.1 - - [03/Nov/2025 09:46:48] "GET /api/signal-details HTTP/1.1" 200 -
2025-11-03 09:46:50,546 - werkzeug - INFO - 127.0.0.1 - - [03/Nov/2025 09:46:50] "GET /api/signal-details HTTP/1.1" 200 -
2025-11-03 09:46:50,550 - werkzeug - INFO - 127.0.0.1 - - [03/Nov/2025 09:46:50] "GET /api/stats HTTP/1.1" 200 -
2025-11-03 09:46:50,550 - werkzeug - INFO - 127.0.0.1 - - [03/Nov/2025 09:46:50] "GET /api/trades?limit=10 HTTP/1.1" 200 -
2025-11-03 09:46:52,371 - werkzeug - INFO - 127.0.0.1 - - [03/Nov/2025 09:46:52] "GET /api/signal-details HTTP/1.1" 200 -
2025-11-03 09:46:54,552 - werkzeug - INFO - 127.0.0.1 - - [03/Nov/2025 09:46:54] "GET /api/signal-details HTTP/1.1" 200 -
2025-11-03 09:46:55,556 - werkzeug - INFO - 127.0.0.1 - - [03/Nov/2025 09:46:55] "GET /api/trades?limit=10 HTTP/1.1" 200 -
2025-11-03 09:46:55,556 - werkzeug - INFO - 127.0.0.1 - - [03/Nov/2025 09:46:55] "GET /api/stats HTTP/1.1" 200 -
2025-11-03 09:46:56,566 - werkzeug - INFO - 127.0.0.1 - - [03/Nov/2025 09:46:56] "GET /api/signal-details HTTP/1.1" 200 -
2025-11-03 09:46:58,565 - werkzeug - INFO - 127.0.0.1 - - [03/Nov/2025 09:46:58] "GET /api/signal-details HTTP/1.1" 200 -
2025-11-03 09:47:00,553 - werkzeug - INFO - 127.0.0.1 - - [03/Nov/2025 09:47:00] "GET /api/signal-details HTTP/1.1" 200 -
2025-11-03 09:47:00,558 - werkzeug - INFO - 127.0.0.1 - - [03/Nov/2025 09:47:00] "GET /api/stats HTTP/1.1" 200 -
2025-11-03 09:47:00,559 - werkzeug - INFO - 127.0.0.1 - - [03/Nov/2025 09:47:00] "GET /api/trades?limit=10 HTTP/1.1" 200 -
2025-11-03 09:47:02,562 - werkzeug - INFO - 127.0.0.1 - - [03/Nov/2025 09:47:02] "GET /api/signal-details HTTP/1.1" 200 -
2025-11-03 09:47:04,561 - werkzeug - INFO - 127.0.0.1 - - [03/Nov/2025 09:47:04] "GET /api/signal-details HTTP/1.1" 200 -
2025-11-03 09:47:05,562 - werkzeug - INFO - 127.0.0.1 - - [03/Nov/2025 09:47:05] "GET /api/trades?limit=10 HTTP/1.1" 200 -
2025-11-03 09:47:05,562 - werkzeug - INFO - 127.0.0.1 - - [03/Nov/2025 09:47:05] "GET /api/stats HTTP/1.1" 200 -
2025-11-03 09:47:06,556 - werkzeug - INFO - 127.0.0.1 - - [03/Nov/2025 09:47:06] "GET /api/signal-details HTTP/1.1" 200 -
2025-11-03 09:47:08,555 - werkzeug - INFO - 127.0.0.1 - - [03/Nov/2025 09:47:08] "GET /api/signal-details HTTP/1.1" 200 -
2025-11-03 09:47:10,560 - werkzeug - INFO - 127.0.0.1 - - [03/Nov/2025 09:47:10] "GET /api/signal-details HTTP/1.1" 200 -
2025-11-03 09:47:10,563 - werkzeug - INFO - 127.0.0.1 - - [03/Nov/2025 09:47:10] "GET /api/trades?limit=10 HTTP/1.1" 200 -
2025-11-03 09:47:10,564 - werkzeug - INFO - 127.0.0.1 - - [03/Nov/2025 09:47:10] "GET /api/stats HTTP/1.1" 200 -
2025-11-03 09:47:12,019 - upstox_ws_client - WARNING - No data received for 30 seconds
2025-11-03 09:47:12,057 - upstox_ws_client - INFO - Ping successful, connection alive
2025-11-03 09:47:12,551 - werkzeug - INFO - 127.0.0.1 - - [03/Nov/2025 09:47:12] "GET /api/signal-details HTTP/1.1" 200 -
2025-11-03 09:47:14,550 - werkzeug - INFO - 127.0.0.1 - - [03/Nov/2025 09:47:14] "GET /api/signal-details HTTP/1.1" 200 -
2025-11-03 09:47:15,568 - werkzeug - INFO - 127.0.0.1 - - [03/Nov/2025 09:47:15] "GET /api/trades?limit=10 HTTP/1.1" 200 -
2025-11-03 09:47:15,568 - werkzeug - INFO - 127.0.0.1 - - [03/Nov/2025 09:47:15] "GET /api/stats HTTP/1.1" 200 -
2025-11-03 09:47:16,563 - werkzeug - INFO - 127.0.0.1 - - [03/Nov/2025 09:47:16] "GET /api/signal-details HTTP/1.1" 200 -
2025-11-03 09:47:18,555 - werkzeug - INFO - 127.0.0.1 - - [03/Nov/2025 09:47:18] "GET /api/signal-details HTTP/1.1" 200 -
2025-11-03 09:47:20,552 - werkzeug - INFO - 127.0.0.1 - - [03/Nov/2025 09:47:20] "GET /api/signal-details HTTP/1.1" 200 -
2025-11-03 09:47:20,554 - werkzeug - INFO - 127.0.0.1 - - [03/Nov/2025 09:47:20] "GET /api/stats HTTP/1.1" 200 -
2025-11-03 09:47:20,554 - werkzeug - INFO - 127.0.0.1 - - [03/Nov/2025 09:47:20] "GET /api/trades?limit=10 HTTP/1.1" 200 -
2025-11-03 09:47:22,554 - werkzeug - INFO - 127.0.0.1 - - [03/Nov/2025 09:47:22] "GET /api/signal-details HTTP/1.1" 200 -
2025-11-03 09:47:24,542 - werkzeug - INFO - 127.0.0.1 - - [03/Nov/2025 09:47:24] "GET /api/signal-details HTTP/1.1" 200 -
2025-11-03 09:47:25,559 - werkzeug - INFO - 127.0.0.1 - - [03/Nov/2025 09:47:25] "GET /api/stats HTTP/1.1" 200 -
2025-11-03 09:47:25,560 - werkzeug - INFO - 127.0.0.1 - - [03/Nov/2025 09:47:25] "GET /api/trades?limit=10 HTTP/1.1" 200 -
2025-11-03 09:47:26,558 - werkzeug - INFO - 127.0.0.1 - - [03/Nov/2025 09:47:26] "GET /api/signal-details HTTP/1.1" 200 -
2025-11-03 09:47:28,542 - werkzeug - INFO - 127.0.0.1 - - [03/Nov/2025 09:47:28] "GET /api/signal-details HTTP/1.1" 200 -
2025-11-03 09:47:30,552 - werkzeug - INFO - 127.0.0.1 - - [03/Nov/2025 09:47:30] "GET /api/signal-details HTTP/1.1" 200 -
2025-11-03 09:47:30,554 - werkzeug - INFO - 127.0.0.1 - - [03/Nov/2025 09:47:30] "GET /api/trades?limit=10 HTTP/1.1" 200 -
2025-11-03 09:47:30,554 - werkzeug - INFO - 127.0.0.1 - - [03/Nov/2025 09:47:30] "GET /api/stats HTTP/1.1" 200 -
2025-11-03 09:47:32,549 - werkzeug - INFO - 127.0.0.1 - - [03/Nov/2025 09:47:32] "GET /api/signal-details HTTP/1.1" 200 -
2025-11-03 09:47:34,547 - werkzeug - INFO - 127.0.0.1 - - [03/Nov/2025 09:47:34] "GET /api/signal-details HTTP/1.1" 200 -
2025-11-03 09:47:35,548 - werkzeug - INFO - 127.0.0.1 - - [03/Nov/2025 09:47:35] "GET /api/trades?limit=10 HTTP/1.1" 200 -
2025-11-03 09:47:35,548 - werkzeug - INFO - 127.0.0.1 - - [03/Nov/2025 09:47:35] "GET /api/stats HTTP/1.1" 200 -
2025-11-03 09:47:36,552 - werkzeug - INFO - 127.0.0.1 - - [03/Nov/2025 09:47:36] "GET /api/signal-details HTTP/1.1" 200 -
2025-11-03 09:47:38,563 - werkzeug - INFO - 127.0.0.1 - - [03/Nov/2025 09:47:38] "GET /api/signal-details HTTP/1.1" 200 -
2025-11-03 09:47:40,549 - werkzeug - INFO - 127.0.0.1 - - [03/Nov/2025 09:47:40] "GET /api/signal-details HTTP/1.1" 200 -
2025-11-03 09:47:40,551 - werkzeug - INFO - 127.0.0.1 - - [03/Nov/2025 09:47:40] "GET /api/trades?limit=10 HTTP/1.1" 200 -
2025-11-03 09:47:40,551 - werkzeug - INFO - 127.0.0.1 - - [03/Nov/2025 09:47:40] "GET /api/stats HTTP/1.1" 200 -
2025-11-03 09:47:41,086 - upstox_ws_client - WARNING - No data received for 360 seconds
2025-11-03 09:47:42,068 - upstox_ws_client - WARNING - No data received for 30 seconds
2025-11-03 09:47:42,106 - upstox_ws_client - INFO - Ping successful, connection alive
2025-11-03 09:47:42,562 - werkzeug - INFO - 127.0.0.1 - - [03/Nov/2025 09:47:42] "GET /api/signal-details HTTP/1.1" 200 -
2025-11-03 09:47:44,540 - werkzeug - INFO - 127.0.0.1 - - [03/Nov/2025 09:47:44] "GET /api/signal-details HTTP/1.1" 200 -
2025-11-03 09:47:45,560 - werkzeug - INFO - 127.0.0.1 - - [03/Nov/2025 09:47:45] "GET /api/stats HTTP/1.1" 200 -
2025-11-03 09:47:45,561 - werkzeug - INFO - 127.0.0.1 - - [03/Nov/2025 09:47:45] "GET /api/trades?limit=10 HTTP/1.1" 200 -
2025-11-03 09:47:46,551 - werkzeug - INFO - 127.0.0.1 - - [03/Nov/2025 09:47:46] "GET /api/signal-details HTTP/1.1" 200 -
2025-11-03 09:47:48,548 - werkzeug - INFO - 127.0.0.1 - - [03/Nov/2025 09:47:48] "GET /api/signal-details HTTP/1.1" 200 -
2025-11-03 09:47:50,569 - werkzeug - INFO - 127.0.0.1 - - [03/Nov/2025 09:47:50] "GET /api/signal-details HTTP/1.1" 200 -
2025-11-03 09:47:50,572 - werkzeug - INFO - 127.0.0.1 - - [03/Nov/2025 09:47:50] "GET /api/trades?limit=10 HTTP/1.1" 200 -
2025-11-03 09:47:50,574 - werkzeug - INFO - 127.0.0.1 - - [03/Nov/2025 09:47:50] "GET /api/stats HTTP/1.1" 200 -
2025-11-03 09:47:52,563 - werkzeug - INFO - 127.0.0.1 - - [03/Nov/2025 09:47:52] "GET /api/signal-details HTTP/1.1" 200 -
2025-11-03 09:48:10,552 - werkzeug - INFO - 127.0.0.1 - - [03/Nov/2025 09:48:10] "GET /api/signal-details HTTP/1.1" 200 -
2025-11-03 09:48:10,554 - werkzeug - INFO - 127.0.0.1 - - [03/Nov/2025 09:48:10] "GET /api/trades?limit=10 HTTP/1.1" 200 -
2025-11-03 09:48:10,555 - werkzeug - INFO - 127.0.0.1 - - [03/Nov/2025 09:48:10] "GET /api/stats HTTP/1.1" 200 -
2025-11-03 09:48:12,112 - upstox_ws_client - WARNING - No data received for 30 seconds
2025-11-03 09:48:12,149 - upstox_ws_client - INFO - Ping successful, connection alive
2025-11-03 09:48:14,439 - werkzeug - INFO - 127.0.0.1 - - [03/Nov/2025 09:48:14] "GET /api/signal-details HTTP/1.1" 200 -
2025-11-03 09:48:15,382 - werkzeug - INFO - 127.0.0.1 - - [03/Nov/2025 09:48:15] "GET /api/stats HTTP/1.1" 200 -
2025-11-03 09:48:15,384 - werkzeug - INFO - 127.0.0.1 - - [03/Nov/2025 09:48:15] "GET /api/trades?limit=10 HTTP/1.1" 200 -
2025-11-03 09:48:16,360 - werkzeug - INFO - 127.0.0.1 - - [03/Nov/2025 09:48:16] "GET /api/signal-details HTTP/1.1" 200 -
2025-11-03 09:48:18,557 - werkzeug - INFO - 127.0.0.1 - - [03/Nov/2025 09:48:18] "GET /api/signal-details HTTP/1.1" 200 -
2025-11-03 09:48:20,558 - werkzeug - INFO - 127.0.0.1 - - [03/Nov/2025 09:48:20] "GET /api/signal-details HTTP/1.1" 200 -
2025-11-03 09:48:20,560 - werkzeug - INFO - 127.0.0.1 - - [03/Nov/2025 09:48:20] "GET /api/trades?limit=10 HTTP/1.1" 200 -
2025-11-03 09:48:20,560 - werkzeug - INFO - 127.0.0.1 - - [03/Nov/2025 09:48:20] "GET /api/stats HTTP/1.1" 200 -
2025-11-03 09:48:22,555 - werkzeug - INFO - 127.0.0.1 - - [03/Nov/2025 09:48:22] "GET /api/signal-details HTTP/1.1" 200 -
2025-11-03 09:48:24,556 - werkzeug - INFO - 127.0.0.1 - - [03/Nov/2025 09:48:24] "GET /api/signal-details HTTP/1.1" 200 -
2025-11-03 09:48:25,554 - werkzeug - INFO - 127.0.0.1 - - [03/Nov/2025 09:48:25] "GET /api/stats HTTP/1.1" 200 -
2025-11-03 09:48:25,554 - werkzeug - INFO - 127.0.0.1 - - [03/Nov/2025 09:48:25] "GET /api/trades?limit=10 HTTP/1.1" 200 -
2025-11-03 09:48:26,543 - werkzeug - INFO - 127.0.0.1 - - [03/Nov/2025 09:48:26] "GET /api/signal-details HTTP/1.1" 200 -
2025-11-03 09:48:28,549 - werkzeug - INFO - 127.0.0.1 - - [03/Nov/2025 09:48:28] "GET /api/signal-details HTTP/1.1" 200 -
2025-11-03 09:48:30,569 - werkzeug - INFO - 127.0.0.1 - - [03/Nov/2025 09:48:30] "GET /api/signal-details HTTP/1.1" 200 -
2025-11-03 09:48:30,575 - werkzeug - INFO - 127.0.0.1 - - [03/Nov/2025 09:48:30] "GET /api/trades?limit=10 HTTP/1.1" 200 -
2025-11-03 09:48:30,576 - werkzeug - INFO - 127.0.0.1 - - [03/Nov/2025 09:48:30] "GET /api/stats HTTP/1.1" 200 -
2025-11-03 09:48:32,551 - werkzeug - INFO - 127.0.0.1 - - [03/Nov/2025 09:48:32] "GET /api/signal-details HTTP/1.1" 200 -
2025-11-03 09:48:34,551 - werkzeug - INFO - 127.0.0.1 - - [03/Nov/2025 09:48:34] "GET /api/signal-details HTTP/1.1" 200 -
2025-11-03 09:48:35,555 - werkzeug - INFO - 127.0.0.1 - - [03/Nov/2025 09:48:35] "GET /api/trades?limit=10 HTTP/1.1" 200 -
2025-11-03 09:48:35,556 - werkzeug - INFO - 127.0.0.1 - - [03/Nov/2025 09:48:35] "GET /api/stats HTTP/1.1" 200 -
2025-11-03 09:48:36,558 - werkzeug - INFO - 127.0.0.1 - - [03/Nov/2025 09:48:36] "GET /api/signal-details HTTP/1.1" 200 -
2025-11-03 09:48:38,541 - werkzeug - INFO - 127.0.0.1 - - [03/Nov/2025 09:48:38] "GET /api/signal-details HTTP/1.1" 200 -
2025-11-03 09:48:40,558 - werkzeug - INFO - 127.0.0.1 - - [03/Nov/2025 09:48:40] "GET /api/signal-details HTTP/1.1" 200 -
2025-11-03 09:48:40,566 - werkzeug - INFO - 127.0.0.1 - - [03/Nov/2025 09:48:40] "GET /api/stats HTTP/1.1" 200 -
2025-11-03 09:48:40,566 - werkzeug - INFO - 127.0.0.1 - - [03/Nov/2025 09:48:40] "GET /api/trades?limit=10 HTTP/1.1" 200 -
2025-11-03 09:48:41,095 - upstox_ws_client - WARNING - No data received for 420 seconds
2025-11-03 09:48:42,150 - upstox_ws_client - WARNING - No data received for 30 seconds
2025-11-03 09:48:42,188 - upstox_ws_client - INFO - Ping successful, connection alive
2025-11-03 09:48:42,555 - werkzeug - INFO - 127.0.0.1 - - [03/Nov/2025 09:48:42] "GET /api/signal-details HTTP/1.1" 200 -
2025-11-03 09:48:44,570 - werkzeug - INFO - 127.0.0.1 - - [03/Nov/2025 09:48:44] "GET /api/signal-details HTTP/1.1" 200 -
2025-11-03 09:48:45,565 - werkzeug - INFO - 127.0.0.1 - - [03/Nov/2025 09:48:45] "GET /api/trades?limit=10 HTTP/1.1" 200 -
2025-11-03 09:48:45,568 - werkzeug - INFO - 127.0.0.1 - - [03/Nov/2025 09:48:45] "GET /api/stats HTTP/1.1" 200 -
2025-11-03 09:48:46,564 - werkzeug - INFO - 127.0.0.1 - - [03/Nov/2025 09:48:46] "GET /api/signal-details HTTP/1.1" 200 -
2025-11-03 09:48:48,548 - werkzeug - INFO - 127.0.0.1 - - [03/Nov/2025 09:48:48] "GET /api/signal-details HTTP/1.1" 200 -
2025-11-03 09:48:50,549 - werkzeug - INFO - 127.0.0.1 - - [03/Nov/2025 09:48:50] "GET /api/signal-details HTTP/1.1" 200 -
2025-11-03 09:48:50,552 - werkzeug - INFO - 127.0.0.1 - - [03/Nov/2025 09:48:50] "GET /api/trades?limit=10 HTTP/1.1" 200 -
2025-11-03 09:48:50,552 - werkzeug - INFO - 127.0.0.1 - - [03/Nov/2025 09:48:50] "GET /api/stats HTTP/1.1" 200 -
2025-11-03 09:48:52,564 - werkzeug - INFO - 127.0.0.1 - - [03/Nov/2025 09:48:52] "GET /api/signal-details HTTP/1.1" 200 -
2025-11-03 09:48:54,551 - werkzeug - INFO - 127.0.0.1 - - [03/Nov/2025 09:48:54] "GET /api/signal-details HTTP/1.1" 200 -
2025-11-03 09:48:55,559 - werkzeug - INFO - 127.0.0.1 - - [03/Nov/2025 09:48:55] "GET /api/stats HTTP/1.1" 200 -
2025-11-03 09:48:55,559 - werkzeug - INFO - 127.0.0.1 - - [03/Nov/2025 09:48:55] "GET /api/trades?limit=10 HTTP/1.1" 200 -
2025-11-03 09:48:56,550 - werkzeug - INFO - 127.0.0.1 - - [03/Nov/2025 09:48:56] "GET /api/signal-details HTTP/1.1" 200 -
2025-11-03 09:48:58,558 - werkzeug - INFO - 127.0.0.1 - - [03/Nov/2025 09:48:58] "GET /api/signal-details HTTP/1.1" 200 -
2025-11-03 09:49:00,558 - werkzeug - INFO - 127.0.0.1 - - [03/Nov/2025 09:49:00] "GET /api/signal-details HTTP/1.1" 200 -
2025-11-03 09:49:00,563 - werkzeug - INFO - 127.0.0.1 - - [03/Nov/2025 09:49:00] "GET /api/stats HTTP/1.1" 200 -
2025-11-03 09:49:00,566 - werkzeug - INFO - 127.0.0.1 - - [03/Nov/2025 09:49:00] "GET /api/trades?limit=10 HTTP/1.1" 200 -
2025-11-03 09:49:02,568 - werkzeug - INFO - 127.0.0.1 - - [03/Nov/2025 09:49:02] "GET /api/signal-details HTTP/1.1" 200 -
2025-11-03 09:49:04,568 - werkzeug - INFO - 127.0.0.1 - - [03/Nov/2025 09:49:04] "GET /api/signal-details HTTP/1.1" 200 -
2025-11-03 09:49:05,542 - werkzeug - INFO - 127.0.0.1 - - [03/Nov/2025 09:49:05] "GET /api/trades?limit=10 HTTP/1.1" 200 -
2025-11-03 09:49:05,543 - werkzeug - INFO - 127.0.0.1 - - [03/Nov/2025 09:49:05] "GET /api/stats HTTP/1.1" 200 -
2025-11-03 09:49:06,563 - werkzeug - INFO - 127.0.0.1 - - [03/Nov/2025 09:49:06] "GET /api/signal-details HTTP/1.1" 200 -
2025-11-03 09:49:08,545 - werkzeug - INFO - 127.0.0.1 - - [03/Nov/2025 09:49:08] "GET /api/signal-details HTTP/1.1" 200 -
2025-11-03 09:49:10,563 - werkzeug - INFO - 127.0.0.1 - - [03/Nov/2025 09:49:10] "GET /api/signal-details HTTP/1.1" 200 -
2025-11-03 09:49:10,570 - werkzeug - INFO - 127.0.0.1 - - [03/Nov/2025 09:49:10] "GET /api/trades?limit=10 HTTP/1.1" 200 -
2025-11-03 09:49:10,572 - werkzeug - INFO - 127.0.0.1 - - [03/Nov/2025 09:49:10] "GET /api/stats HTTP/1.1" 200 -
2025-11-03 09:49:12,199 - upstox_ws_client - WARNING - No data received for 30 seconds
2025-11-03 09:49:12,237 - upstox_ws_client - INFO - Ping successful, connection alive
2025-11-03 09:49:12,544 - werkzeug - INFO - 127.0.0.1 - - [03/Nov/2025 09:49:12] "GET /api/signal-details HTTP/1.1" 200 -
2025-11-03 09:49:14,556 - werkzeug - INFO - 127.0.0.1 - - [03/Nov/2025 09:49:14] "GET /api/signal-details HTTP/1.1" 200 -
2025-11-03 09:49:15,557 - werkzeug - INFO - 127.0.0.1 - - [03/Nov/2025 09:49:15] "GET /api/stats HTTP/1.1" 200 -
2025-11-03 09:49:15,558 - werkzeug - INFO - 127.0.0.1 - - [03/Nov/2025 09:49:15] "GET /api/trades?limit=10 HTTP/1.1" 200 -
2025-11-03 09:49:16,549 - werkzeug - INFO - 127.0.0.1 - - [03/Nov/2025 09:49:16] "GET /api/signal-details HTTP/1.1" 200 -
2025-11-03 09:49:41,104 - upstox_ws_client - WARNING - No data received for 480 seconds
2025-11-03 09:49:42,244 - upstox_ws_client - WARNING - No data received for 30 seconds
2025-11-03 09:49:42,282 - upstox_ws_client - INFO - Ping successful, connection alive
2025-11-03 09:50:10,568 - werkzeug - INFO - 127.0.0.1 - - [03/Nov/2025 09:50:10] "GET /api/signal-details HTTP/1.1" 200 -
2025-11-03 09:50:10,574 - werkzeug - INFO - 127.0.0.1 - - [03/Nov/2025 09:50:10] "GET /api/trades?limit=10 HTTP/1.1" 200 -
2025-11-03 09:50:10,575 - werkzeug - INFO - 127.0.0.1 - - [03/Nov/2025 09:50:10] "GET /api/stats HTTP/1.1" 200 -
2025-11-03 09:50:12,283 - upstox_ws_client - WARNING - No data received for 30 seconds
2025-11-03 09:50:12,321 - upstox_ws_client - INFO - Ping successful, connection alive
2025-11-03 09:50:24,649 - werkzeug - INFO - 127.0.0.1 - - [03/Nov/2025 09:50:24] "GET /api/signal-details HTTP/1.1" 200 -
2025-11-03 09:50:24,652 - werkzeug - INFO - 127.0.0.1 - - [03/Nov/2025 09:50:24] "GET /api/stats HTTP/1.1" 200 -
2025-11-03 09:50:24,653 - werkzeug - INFO - 127.0.0.1 - - [03/Nov/2025 09:50:24] "GET /api/trades?limit=10 HTTP/1.1" 200 -
2025-11-03 09:50:25,373 - werkzeug - INFO - 127.0.0.1 - - [03/Nov/2025 09:50:25] "GET /api/trades?limit=10 HTTP/1.1" 200 -
2025-11-03 09:50:25,374 - werkzeug - INFO - 127.0.0.1 - - [03/Nov/2025 09:50:25] "GET /api/stats HTTP/1.1" 200 -
2025-11-03 09:50:26,371 - werkzeug - INFO - 127.0.0.1 - - [03/Nov/2025 09:50:26] "GET /api/signal-details HTTP/1.1" 200 -
2025-11-03 09:50:28,563 - werkzeug - INFO - 127.0.0.1 - - [03/Nov/2025 09:50:28] "GET /api/signal-details HTTP/1.1" 200 -
2025-11-03 09:50:30,559 - werkzeug - INFO - 127.0.0.1 - - [03/Nov/2025 09:50:30] "GET /api/signal-details HTTP/1.1" 200 -
2025-11-03 09:50:30,563 - werkzeug - INFO - 127.0.0.1 - - [03/Nov/2025 09:50:30] "GET /api/trades?limit=10 HTTP/1.1" 200 -
2025-11-03 09:50:30,564 - werkzeug - INFO - 127.0.0.1 - - [03/Nov/2025 09:50:30] "GET /api/stats HTTP/1.1" 200 -
2025-11-03 09:50:32,567 - werkzeug - INFO - 127.0.0.1 - - [03/Nov/2025 09:50:32] "GET /api/signal-details HTTP/1.1" 200 -
